"ISG15" "18" 0.386421499292786
"SDF4" "14" 0.29215671077871
"MXRA8" "20" 0.456401355483924
"AURKAIP1" "14" 0.636980099600417
"CCNL2" "14" 0.283010233796489
"MRPL20" "14" 0.380125189457316
"MMP23B" "20" 0.814157014157014
"NADK" "14" 0.444994499449945
"RER1" "14" 0.614442060508238
"SMIM1" "19" 1.22460933324782
"RPL22" "18" 1.3913499344692
"ESPN" "14" 0.368600279511053
"CAMTA1" "14" 0.463146314631463
"ERRFI1" "3" 1.03748466297922
"ENO1" "18" 1.42609262883235
"H6PD" "14" 0.602860286028603
"RBP7" "10" 2.42845644815287
"MASP2" "14" 1.8359644115505
"SRM" "7" 1.69736076585392
"MAD2L2" "18" 0.539556812824139
"PLOD1" "20" 0.28043885469628
"SDHB" "14" 0.25960081097573
"ALDH4A1" "14" 1.29262926292629
"CAPZB" "18" 1.35392535392535
"MINOS1" "14" 0.511814626840835
"PLA2G2A" "14" 4.29636858757418
"PLA2G5" "20" 0.303957986422441
"CDA" "14" 0.284125568955
"DDOST" "7" 0.509719504240052
"HP1BP3" "18" 1.02481432940149
"HSPG2" "13" 1.95351971824862
"CDC42" "18" 1.14534489257444
"C1QA" "10" 18.0960383218608
"C1QC" "10" 6.15680871848296
"C1QB" "10" 17.6396583227046
"HNRNPR" "18" 0.675668623613829
"ID3" "13" 0.491340203197241
"RPL11" "18" 3.98392311052862
"HMGCL" "14" 0.419030372222113
"FUCA1" "10" 0.50736696360929
"PNRC2" "18" 0.612277138343489
"SRSF10" "18" 0.484593837535014
"SRRM1" "18" 0.362687540769733
"CLIC4" "20" 0.333546816959139
"RUNX3" "18" 0.619642857142857
"RSRP1" "18" 0.272830880531193
"RHD" "19" 0.454613653413353
"RHCE" "19" 2.00096795235991
"STMN1" "18" 14.102413568167
"FAM110D" "13" 0.257576416365929
"ZNF593" "14" 0.397525736669094
"SH3BGRL3" "18" 0.329081005095765
"CD52" "16" 1.05182724252492
"HMGN2" "18" 8.4764514024788
"NUDC" "14" 0.773300789323465
"FCN3" "12" 16.7381129386984
"RPA2" "18" 0.360011709601874
"DNAJC8" "18" 0.402979011509817
"ATPIF1" "1" 1.16107207142185
"TRNAU1AP" "18" 0.278408349641226
"EPB41" "19" 0.344724795060151
"SRSF4" "18" 0.293522906793049
"SDC3" "10" 1.24623832275547
"SERINC2" "17" 0.514643481154838
"TINAGL1" "11" 0.406547940277028
"KHDRBS1" "18" 0.622026630557436
"FAM167B" "13" 0.962921661555618
"LCK" "18" 0.720390466280164
"HDAC1" "18" 0.276750700280112
"MARCKSL1" "12" 0.63823064770932
"RBBP4" "18" 0.405479452054795
"KIAA1522" "17" 0.372863336753843
"TMEM54" "17" 0.419294323233881
"AK2" "14" 0.414296399818908
"SFPQ" "18" 0.861709067188519
"CLSPN" "18" 0.462361382909328
"THRAP3" "18" 0.461003861003861
"ZC3H12A" "17" 0.255428904234961
"CDCA8" "18" 0.768036529680365
"C1orf122" "20" 0.33036006303333
"NDUFS5" "1" 0.39918902427022
"PABPC4" "10" 1.01753497746059
"CAP1" "18" 0.497575072245257
"PPT1" "10" 0.900992123377698
"SMAP2" "10" 0.372651536541751
"CITED4" "17" 1.31180981338858
"PPCS" "14" 0.266577918296031
"YBX1" "10" 0.807287347656741
"SLC2A1" "19" 1.85009487666034
"CDC20" "18" 0.863666014350946
"PTPRF" "14" 0.517472335468841
"ATP6V0B" "14" 0.452616690240452
"KIF2C" "18" 0.388940092165899
"RPS8" "18" 0.806902577544779
"UROD" "19" 2.00244863195997
"PRDX1" "14" 0.956164006062633
"AKR1A1" "14" 0.814105466212625
"NASP" "18" 0.594781474233529
"GPBP1L1" "14" 0.265676567656766
"UQCRH" "7" 2.355642530985
"PDZK1IP1" "17" 1.20927080509623
"TAL1" "19" 0.324007542169903
"CMPK1" "14" 0.777777777777778
"CDKN2C" "18" 0.944393241167435
"OSBPL9" "14" 0.40331974373908
"TXNDC12" "18" 0.284018264840183
"PRPF38A" "18" 0.332420091324201
"ECHDC2" "14" 1.98654607011397
"SCP2" "14" 6.63696369636964
"PODN" "20" 0.320013979496738
"MAGOH" "18" 0.295756718528996
"HSPB11" "18" 0.567798208392268
"TMEM59" "14" 1.0615691821283
"DHCR24" "14" 9.12596259625963
"PCSK9" "14" 0.262856333328086
"PLPP3" "12" 1.50791509264256
"C8A" "14" 1.50576737594237
"C8B" "14" 1.18905379603567
"TACSTD2" "17" 1.98104265402844
"JUN" "17" 1.27619047619048
"FGGY" "17" 0.693526915716782
"USP1" "18" 0.773646444879322
"ANGPTL3" "14" 3.16825778005236
"ITGB3BP" "18" 0.457925636007828
"PGM1" "14" 0.974697469746975
"AK4" "14" 0.454895489548955
"LEPR" "14" 1.19517548176289
"DEPDC1" "18" 0.304454685099846
"CTH" "14" 0.376975769147491
"CRYZ" "14" 0.611627266106332
"ACADM" "14" 0.403499793319292
"NEXN" "20" 1.93528390776097
"FUBP1" "18" 0.270971950424005
"ADGRL4" "12" 1.44057684235774
"RP5-887A10.1" "16" 0.334076669852395
"DDAH1" "14" 0.523102310231023
"RP4-621F18.2" "20" 0.317745376955903
"CYR61" "20" 6.6275725266551
"GBP4" "13" 0.311201936316072
"RPL5" "18" 0.319243313763863
"TMED5" "14" 0.798579760128655
"CCDC18" "18" 0.334254992319508
"DR1" "18" 0.391324846770391
"GCLM" "19" 0.624788901002587
"F3" "20" 0.258914376561435
"CNN3" "20" 1.00070658894188
"TMEM56" "14" 1.0968096809681
"PALMD" "11" 0.516863052016754
"AGL" "14" 0.830583058305831
"SLC35A3" "14" 0.268426842684268
"VCAM1" "10" 4.96021237281434
"HENMT1" "18" 0.495140515222482
"PRPF38B" "18" 0.471148459383753
"PSRC1" "18" 0.250707850707851
"PSMA5" "18" 0.318811881188119
"GSTM4" "14" 0.317161716171617
"GSTM1" "14" 0.260503077334761
"GSTM5" "20" 0.315150012397719
"GSTM3" "20" 0.7322915332394
"LAMTOR5" "14" 0.586835423104935
"CD53" "18" 1.18537504711647
"DENND2D" "18" 0.328220140515222
"ATP5F1" "18" 0.465346534653465
"C1orf162" "10" 0.597987193592253
"TMIGD3" "10" 0.973293479636643
"ADORA3" "10" 0.495961080982842
"CAPZA1" "18" 0.257695690413368
"RHOC" "20" 0.29009009009009
"OLFML3" "20" 3.40783218642997
"NGF" "20" 0.25803785436813
"ATP1A1" "17" 2.34222496337985
"HMGCS2" "14" 2.07865786578658
"RP11-403I13.5" "14" 1.26512651265127
"CH17-373J23.1" "18" 0.251924331376386
"CD160" "8" 0.483860265417642
"RBM8A" "18" 0.591389432485323
"POLR3GL" "18" 0.488590287600189
"HFE2" "14" 0.922992299229923
"FMO5" "14" 0.837183718371837
"GJA5" "11" 0.311506865743239
"PDE4DIP" "14" 0.291529152915292
"HIST2H2AC" "18" 0.575994781474233
"ANP32E" "18" 1.33189823874755
"APH1A" "18" 0.284784520668426
"C1orf54" "10" 0.655870510679157
"MRPS21" "1" 0.267218471350117
"ECM1" "20" 0.587087087087087
"MCL1" "10" 0.306489878273209
"ENSA" "18" 0.797912589693412
"CTSS" "10" 3.00762023451369
"CERS2" "14" 0.94994499449945
"C1orf56" "18" 0.532303732303732
"CDC42SE1" "18" 0.692664092664093
"SCNM1" "18" 0.309506237919522
"SELENBP1" "14" 0.958575280987343
"RORC" "14" 0.294313327953074
"S100A11" "20" 0.287324224593597
"S100A9" "4" 27.9042927104733
"S100A12" "4" 2.91467246355632
"S100A8" "4" 25.8183113514303
"S100A6" "20" 5.46946577573884
"S100A4" "18" 1.53762080477948
"S100A14" "17" 1.55254180880273
"S100A13" "20" 2.10874855898553
"ILF2" "18" 0.546379647749511
"NPR1" "13" 0.914134374128798
"SLC27A3" "13" 0.491047919957873
"RPS27" "18" 5.10897009966778
"TPM3" "18" 1.11503957783641
"C1orf43" "14" 0.291704800732174
"HAX1" "7" 0.452054794520548
"PMVK" "14" 0.316925978312117
"SHC1" "13" 0.339652448657188
"CKS1B" "18" 2.54090019569472
"EFNA1" "14" 0.588484898910059
"DPM3" "14" 0.698600476349822
"MUC1" "17" 1.9054124019276
"FDPS" "14" 1.6060145760204
"SSR2" "7" 0.553163731245923
"RAB25" "17" 0.535574229691877
"LMNA" "11" 0.566079841309199
"APOA1BP" "14" 0.265555183748991
"CRABP2" "20" 0.44041184041184
"HDGF" "18" 0.276473361621876
"FCRL5" "7" 0.521761555848845
"CD5L" "10" 5.44404417658952
"SPTA1" "19" 0.743164362519201
"MNDA" "4" 1.62861742073885
"IFI16" "18" 1.15116226585421
"ACKR1" "13" 1.01426897008612
"APCS" "14" 2.12130189162058
"CRP" "14" 34.0665601536306
"DUSP23" "14" 0.7000610013608
"TAGLN2" "13" 0.389422728524429
"DCAF8" "14" 0.316831683168317
"CD84" "10" 0.849023292343742
"CD48" "18" 0.716465982855161
"SLAMF7" "7" 0.31324200913242
"ITLN1" "10" 0.45410826817716
"TSTD1" "17" 0.526610644257703
"ARHGAP30" "18" 0.543114810960805
"UFC1" "18" 0.561121983039791
"NDUFS2" "14" 0.436873806664961
"FCER1G" "10" 3.17412300772084
"APOA2" "14" 3.91774107828277
"NR1I3" "14" 0.383776548629018
"SDHC" "14" 0.485630769836427
"FCGR3A" "10" 4.28902368179355
"FCGR2B" "12" 1.9482080351888
"UAP1" "14" 0.344752087733235
"NUF2" "18" 0.562519201228879
"MGST3" "19" 0.943906453750614
"CD247" "18" 0.468891491022639
"CREG1" "10" 3.1728183508748
"RCSD1" "18" 0.368237215730619
"MPC2" "14" 1.78045587858985
"XCL1" "8" 0.686397345823575
"DPT" "20" 0.670725180626171
"ATP1B1" "17" 2.66153590148931
"F5" "14" 1.60443280908608
"SELP" "13" 1.10132324593823
"PRDX6" "1" 0.523620652323681
"CENPL" "18" 0.278799739073712
"SERPINC1" "14" 4.83499005964215
"CACYBP" "18" 0.335942596216569
"SEC16B" "14" 0.259075907590759
"ANGPTL1" "20" 0.404951169657052
"TOR3A" "7" 0.420482713633399
"QSOX1" "20" 2.74468964377221
"IER5" "10" 0.405569658242569
"GLUL" "10" 2.65204813336341
"NPL" "10" 0.261851794367703
"LAMC1" "20" 0.326822620940268
"ARPC5" "18" 0.428295011936173
"RGL1" "10" 0.625493645127356
"IVNS1ABP" "10" 0.25344892574444
"PRG4" "14" 1.24555636478161
"RGS2" "4" 0.740597221275643
"CFH" "14" 12.6982756923804
"CFHR3" "14" 12.009263485967
"CFHR1" "14" 14.9412315635379
"CFHR4" "14" 2.0038801177415
"CFHR2" "14" 0.603389563608448
"CFHR5" "14" 1.30060232663425
"F13B" "14" 0.336682873058678
"ASPM" "18" 1.40430528375734
"PTPRC" "18" 1.34978445072098
"KIF14" "18" 0.404305283757339
"LAD1" "17" 0.557949912638323
"CSRP1" "20" 1.40092224926348
"LMOD1" "20" 0.69872655956155
"TIMM17A" "14" 0.409729740369663
"ELF3" "17" 3.10379399284466
"PTPN7" "18" 0.560309201724394
"UBE2T" "18" 0.323502304147465
"PPP1R12B" "20" 0.312985809028025
"ADIPOR1" "19" 0.399353136437144
"FMOD" "20" 0.342897399769438
"PRELP" "20" 0.890404165633524
"SNRPE" "18" 0.363078930202218
"ETNK2" "14" 0.65016501650165
"TMCC2" "19" 2.39952648712637
"NUCKS1" "18" 0.532390381895332
"RAB29" "18" 0.256711822660099
"PIGR" "17" 4.85768366752642
"C4BPB" "14" 1.55862842745507
"C4BPA" "14" 11.8755191622542
"CD55" "10" 0.297747357420804
"CR1" "10" 0.418359207216052
"CR1L" "19" 0.331962892683955
"CD46" "14" 0.62887927448207
"HSD11B1" "1" 1.41043835993937
"SLC30A1" "14" 0.286028602860286
"NEK2" "18" 0.432872503840246
"ATF3" "20" 0.300022711787418
"PROX1" "14" 1.52365236523652
"CENPF" "18" 1.4900153609831
"IARS2" "14" 0.273927392739274
"C1orf115" "14" 0.349284928492849
"MARC2" "14" 0.533334645591796
"WDR26" "10" 0.33611789943757
"LBR" "18" 0.3321044546851
"SRP9" "18" 0.540735502121641
"EPHX1" "14" 6.44540676731689
"H3F3A" "18" 4.52165898617512
"GUK1" "19" 0.858180761406568
"ABCB10" "19" 0.380762269775365
"AGT" "14" 19.6558766214594
"ARID4B" "18" 0.306498829039813
"GPR137B" "10" 0.399783206275335
"LGALS8" "10" 0.310717426812414
"HNRNPU" "18" 0.5144867445659
"SCCPDH" "14" 0.531267838513473
"TRIM58" "19" 1.6266916333305
"SH3YL1" "17" 1.74554940459596
"FAM150B" "17" 0.718860021072649
"ADI1" "14" 1.35333543294687
"RPS7" "18" 2.95264187866928
"COLEC11" "20" 5.08788199964671
"ID2" "14" 0.477180575200377
"MBOAT2" "19" 0.284219703574542
"YWHAQ" "18" 1.04607464607465
"C2orf48" "18" 0.309849967384214
"HPCAL1" "13" 0.340643682433479
"ODC1" "7" 0.333717048463221
"PDIA6" "14" 0.265737924085951
"LAPTM4A" "14" 0.676830108458162
"SDC1" "14" 0.639163916391639
"RHOB" "3" 1.45216052420351
"APOB" "14" 19.9268426842684
"CENPA" "18" 0.992041748206132
"EMILIN1" "20" 0.693428722840488
"KHK" "14" 0.69308899080763
"PREB" "7" 0.310943036970434
"PPM1G" "18" 0.502674494455316
"KRTCAP3" "17" 0.424586932188382
"PPP1CB" "20" 1.37014157014157
"EHD3" "12" 0.79685567920862
"LTBP1" "20" 0.71743307288331
"LINC01320" "17" 0.410479703432528
"CRIM1" "13" 1.21782106468397
"SRSF7" "18" 1.02204827136334
"HAAO" "14" 0.622748656575399
"ZFP36L2" "18" 1.16362915613696
"LRPPRC" "14" 0.277227722772277
"SLC3A1" "17" 0.392420334470422
"EPAS1" "11" 1.10199190015704
"MCFD2" "14" 0.612414621183788
"CALM2" "18" 1.24633204633205
"EPCAM" "17" 1.41328090869375
"ERLEC1" "7" 0.847199449939176
"SPTBN1" "13" 0.681667318868936
"RTN4" "14" 0.468791213117336
"RPS27A" "18" 6.28047844730309
"EFEMP1" "20" 1.32597735350029
"CCT4" "18" 0.300456621004566
"UGP2" "14" 1.04785478547855
"RAB1A" "14" 0.429728559337047
"AAK1" "18" 0.64089121887287
"ANXA4" "17" 13.1982694067726
"PCYOX1" "14" 0.346534653465346
"CYP26B1" "13" 0.702914619476209
"SFXN5" "14" 0.253575357535754
"ACTG2" "20" 1.69796336620981
"DGUOK" "18" 0.351815181518152
"POLE4" "14" 0.347331850481271
"EVA1A" "14" 0.30374190500561
"TMSB10" "10" 3.37379067722075
"TGOLN2" "14" 0.492849284928493
"RETSAT" "14" 0.448294829482948
"GGCX" "14" 0.45996299431136
"VAMP8" "10" 1.86893715902858
"VAMP5" "13" 0.3237821934287
"RNF181" "14" 0.683945829970671
"GNLY" "18" 2.0492816091954
"RNF103" "14" 0.291529152915292
"PLGLB2" "14" 0.357203314764876
"FABP1" "14" 15.5118103261618
"IGKC" "7" 739.9982554347
"IGKV1-12" "7" 3.92405831399141
"IGKV4-1" "7" 0.890790212230161
"IGKV1-5" "7" 0.436035206381701
"IGKV3-15" "7" 0.554043598962363
"IGKV3-20" "7" 0.898916897560598
"IGKV1-39" "7" 0.256972985417788
"IGKV2D-28" "7" 0.66017903160179
"COX5B" "1" 0.899592543747416
"ZAP70" "18" 0.264552545155993
"RPL31" "18" 5.51996505024028
"RNF149" "10" 0.594031032658611
"IL1R2" "4" 0.74489544895449
"IL1R1" "13" 1.94697066734981
"IL1RL1" "20" 0.395866454689984
"FHL2" "20" 0.681778552746295
"NCK2" "17" 0.258263305322129
"C2orf40" "20" 0.295809571038929
"RANBP2" "14" 0.326067060487561
"MERTK" "10" 0.536922068739545
"CKAP2L" "18" 0.355760368663594
"ACTR3" "18" 1.06154039452192
"MARCO" "10" 11.4802435359446
"STEAP3" "14" 1.02365236523652
"DBI" "14" 0.842233726354744
"GYPC" "19" 3.37972350230415
"BIN1" "18" 0.328304597701149
"PROC" "14" 1.90980847587741
"LIMS2" "13" 1.14086119686363
"UGGT1" "14" 0.315181518151815
"MZT2B" "18" 2.04018264840183
"PLEKHB2" "10" 0.255760773966579
"MZT2A" "18" 1.34134842055634
"ACMSD" "14" 0.557437552900419
"CXCR4" "18" 1.12278876170656
"ARHGAP15" "18" 0.305791505791506
"MMADHC" "14" 0.274681753889675
"ARL5A" "7" 0.381769390246265
"FMNL2" "10" 0.316335079843439
"CD302" "14" 3.53197575694245
"COBLL1" "14" 0.718921892189219
"SCN7A" "20" 0.341681130671956
"SPC25" "18" 0.330593607305936
"CDCA7" "18" 0.331889149102264
"WIPF1" "18" 0.421194379391101
"HNRNPA3" "18" 1.99443658651579
"NFE2L2" "14" 0.425507953638966
"ITGA4" "18" 0.386651053864169
"SSFA2" "14" 0.34983498349835
"PDE1A" "20" 0.315150012397719
"CALCRL" "13" 0.613606388683566
"TFPI" "13" 0.720219719697958
"COL3A1" "20" 16.7886512104522
"COL5A2" "20" 1.89149050040139
"WDR75" "10" 0.275007184095718
"SLC40A1" "10" 10.0931842524622
"C2orf88" "13" 0.881082922900598
"MYO1B" "14" 1.65071507150715
"NABP1" "10" 0.285590032681329
"SDPR" "13" 0.600895691117005
"HECW2" "12" 0.544432451879834
"HSPD1" "14" 1.79282517292825
"HSPE1" "14" 2.12514024762317
"SPATS2L" "17" 1.19918237565296
"SGOL2" "18" 0.558773646444879
"AOX1" "14" 4.30968096809681
"BZW1" "14" 0.929042904290429
"CFLAR" "13" 0.914737079665989
"TRAK2" "19" 0.413933315261588
"STRADB" "19" 0.868998190141595
"SUMO1" "14" 0.327817067421028
"RAPH1" "14" 0.407757289490417
"NRP2" "13" 0.805330979153115
"NDUFS1" "14" 0.335393579119343
"EEF1B2" "18" 1.70006523157208
"IDH1" "14" 1.51815181518152
"CPS1" "14" 0.322882288228824
"SPAG16" "17" 0.273608453282303
"BARD1" "18" 0.310939510939511
"FN1" "14" 3.43765052180894
"RPL37A" "18" 3.66979778212655
"IGFBP2" "14" 9.70025392201248
"IGFBP5" "20" 2.80277336159689
"TNS1" "20" 0.468810042269758
"ARPC2" "18" 3.88777348777349
"PNKD" "14" 0.323432343234323
"SLC11A1" "4" 0.509585333320352
"CYP27A1" "14" 1.89511446174439
"TUBA4A" "18" 0.624918460534899
"KCNE4" "20" 0.29570747217806
"SERPINE2" "20" 0.721422241914045
"PID1" "14" 0.301430143014301
"SP100" "18" 0.326337169939066
"ITM2C" "7" 2.36346326757286
"C2orf72" "14" 0.882288228822882
"B3GNT7" "17" 0.423680947788952
"NCL" "7" 0.497713665691422
"PTMA" "18" 26.8110893672537
"C2orf82" "14" 0.28453934423649
"HJURP" "18" 0.509458577951729
"SPP2" "14" 0.39311654823534
"ARL4C" "18" 0.392260334212841
"ACKR3" "13" 0.470991492383727
"COL6A3" "20" 1.80813486754081
"LRRFIP1" "18" 1.51197548326261
"RAMP1" "20" 1.33502809740434
"HES6" "19" 0.405222734254992
"NDUFA10" "14" 0.272001653445663
"RNPEPL1" "18" 0.251956624233852
"AGXT" "14" 8.84796173454324
"HDLBP" "14" 0.625603069113174
"SEPT2" "20" 0.318432176252081
"BOK" "14" 0.314631463146315
"DTYMK" "18" 0.730202217873451
"BHLHE40" "14" 0.308474884185666
"EDEM1" "14" 0.347735947763074
"LMCD1" "20" 1.26522853128358
"TADA3" "18" 0.345431145431145
"ARPC4" "18" 1.15354067826393
"BRK1" "18" 0.493252087564884
"RPL32" "18" 3.47435561380516
"NUP210" "18" 0.32720156555773
"FBLN2" "13" 0.445439656796672
"LSM3" "18" 0.314024787997391
"SH3BP5" "13" 2.35997274107115
"SGOL1" "18" 0.473059360730594
"RPL15" "18" 10.4202217873451
"RARB" "13" 0.274246507449741
"CMC1" "8" 3.44916081186573
"TGFBR2" "12" 1.35630207849332
"CMTM6" "14" 0.825909767757778
"ACAA1" "1" 0.69302993917682
"RPSA" "18" 14.7746901500326
"RPL14" "18" 7.18898668472128
"CTNNB1" "20" 0.280974043350281
"VIPR1" "20" 0.457475824448301
"HIGD1A" "14" 0.805907131468614
"CYP8B1" "14" 0.834983498349835
"KIF15" "18" 0.347465437788018
"CCR1" "10" 0.544084095194514
"PTH1R" "20" 0.940714908456844
"PLXNB1" "14" 0.329039620379948
"TMA7" "18" 0.861574728901461
"UQCRC1" "14" 0.575841977835954
"QARS" "18" 0.46949552098067
"GPX1" "10" 7.31932287660608
"RHOA" "18" 0.842543033044352
"MST1" "14" 3.30188989048159
"GMPPB" "7" 0.53007110887214
"SLC38A3" "14" 0.76017601760176
"HYAL1" "14" 0.349021632021022
"HYAL2" "13" 0.467947881791962
"MANF" "7" 1.47030671756021
"RPL29" "18" 4.64931506849315
"ALAS1" "14" 2.62457925713048
"TWF2" "18" 0.368933403619751
"GLYCTK" "14" 0.770515520736964
"STAB1" "12" 5.4925037945668
"GNL3" "7" 0.378911472360543
"ITIH1" "14" 5.43385383314451
"ITIH3" "14" 6.61613593791812
"ITIH4" "14" 1.3234428371295
"TKT" "4" 0.447046185501433
"SELK" "7" 0.953556412392707
"ARF4" "20" 0.572063256994764
"FLNB" "13" 0.688754583532617
"DNASE1L3" "13" 2.72501006721804
"FAM107A" "11" 0.402872588663275
"FAM3D" "17" 0.271496276235613
"PTPRG" "13" 0.283374639477079
"SUCLG2" "14" 0.692519251925192
"FRMD4B" "10" 0.386031161998822
"PROS1" "14" 2.03080308030803
"MTRNR2L12" "14" 1.8587236874948
"CPOX" "19" 0.941924837645055
"ST3GAL6" "14" 0.467546754675468
"FILIP1L" "20" 1.38451056098115
"TMEM45A" "14" 0.571354053894455
"RPL24" "18" 1.13463796477495
"CD47" "18" 0.791036414565826
"CD96" "18" 0.287568306010929
"B4GALT4" "17" 0.256582633053221
"COX17" "14" 1.08800880088009
"NR1I2" "14" 0.28864437139539
"FSTL1" "20" 1.6190602367073
"NDUFB4" "1" 0.579060291715056
"HGD" "14" 0.93774973918863
"HCLS1" "10" 2.1907200602349
"EAF2" "7" 0.622773908059628
"CSTA" "4" 1.74763977191223
"MYLK" "20" 1.93684773882794
"HEG1" "13" 0.386958853283476
"ALDH1L1" "14" 1.70352856181141
"UROC1" "14" 0.400281761085489
"MGLL" "14" 0.350528330143939
"RPN1" "14" 1.28987037647013
"RAB7A" "18" 0.267751060820368
"COPG1" "14" 0.363943732925152
"H1FX" "18" 0.30880626223092
"TF" "14" 8.3951735133752
"SLCO2A1" "11" 0.686015334000029
"FAIM" "17" 0.259822848058142
"RBP1" "20" 3.7221724093762
"RP11-372E1.4" "14" 0.463146314631463
"PLSCR4" "13" 0.458860530167978
"AGTR1" "20" 1.15333154937115
"CP" "14" 5.93909080892191
"TM4SF18" "12" 0.695846110956231
"TM4SF1" "11" 5.40413351305129
"TM4SF4" "17" 8.86055412263915
"WWTR1" "13" 0.849456370225816
"SERP1" "7" 0.552072232663579
"P2RY13" "10" 0.627111548160336
"AADAC" "14" 0.637226148062123
"SUCNR1" "10" 0.255257451866559
"MBNL1" "18" 0.641442715700141
"RAP2B" "10" 0.261502562255174
"MME" "14" 0.332233223322332
"SSR3" "7" 2.7787680920734
"GFM1" "14" 0.318481848184819
"LXN" "13" 1.12728089627085
"RARRES1" "13" 0.615012246909286
"MFSD1" "10" 0.907937311563089
"SMC4" "18" 1.47864823348694
"BCHE" "3" 0.36313909720992
"GOLIM4" "14" 0.540903096273842
"MECOM" "11" 0.374335116019537
"SEC62" "1" 0.403362006180737
"SKIL" "13" 0.419597953534212
"RPL22L1" "7" 2.20156555772994
"SLC2A2" "14" 1.34337539121705
"EIF4G1" "14" 0.391639163916392
"EHHADH" "14" 0.518701870187019
"LIPH" "17" 0.544817927170868
"TRA2B" "18" 0.814172872940646
"ETV5" "10" 0.397840402651826
"DNAJB11" "7" 0.340150355544361
"AHSG" "14" 11.0526248449895
"FETUB" "14" 0.49929138043029
"HRG" "14" 4.41532980335807
"KNG1" "14" 4.86927937326536
"EIF4A2" "13" 0.272531761519774
"ST6GAL1" "14" 3.46369636963696
"LPP" "20" 1.3805559113616
"HES1" "11" 1.47757148861545
"CPN2" "14" 0.521452145214521
"PPP1R2" "18" 0.259882583170254
"APOD" "20" 1.14025952558063
"TFRC" "19" 0.797774938784201
"BDH1" "14" 0.389356927740488
"SLBP" "18" 0.648847926267281
"TACC3" "18" 0.654142204827136
"WHSC1" "18" 0.293281148075669
"C4orf48" "10" 0.278898951722171
"RNF4" "18" 0.250730787364451
"LYAR" "18" 1.23861057430256
"WDR1" "18" 0.828828828828829
"HS3ST1" "13" 0.415655753148688
"CD38" "7" 0.765949119373777
"FGFBP2" "9" 1.71570197044335
"LDB2" "11" 1.11662769083168
"LAP3" "14" 0.753941696356514
"ADGRA3" "14" 0.893839383938394
"RBPJ" "10" 0.299431727826513
"KLF3" "19" 0.325587321000866
"KLB" "14" 0.388066867100064
"RPL9" "18" 2.02645001128414
"UGDH" "14" 0.72057205720572
"SMIM14" "14" 2.25357535753575
"UBE2K" "14" 0.258745874587459
"RBM47" "14" 0.261840695942945
"TMEM33" "14" 0.502814794401905
"SHISA3" "11" 0.450037193156459
"COMMD8" "18" 0.301761252446184
"OCIAD1" "14" 0.910064366277582
"PDGFRA" "20" 1.00264970853206
"KDR" "12" 0.865293518018828
"TMEM165" "20" 0.277477477477478
"PAICS" "14" 0.385838290286954
"SRP72" "7" 0.335029354207436
"IGFBP7" "20" 21.2419208199025
"UGT2B15" "14" 0.351485148514852
"UGT2B4" "14" 3.45225675649076
"JCHAIN" "7" 63.363512528299
"SLC4A4" "17" 0.578542308012314
"GC" "14" 20.2534299155562
"ALB" "14" 98.6725882329783
"CXCL8" "4" 1.39355225485028
"CXCL6" "17" 1.86750145602796
"CXCL1" "17" 2.34003743677566
"PF4" "11" 0.384408017739902
"PPBP" "11" 0.37386329710408
"CXCL2" "14" 1.95356829260908
"MTHFD2L" "14" 0.58965896589659
"EREG" "4" 0.528544184524414
"AREG" "8" 0.428646684007824
"SEPT11" "20" 0.871956114530372
"CCNI" "18" 0.887023245317085
"CXCL13" "14" 1.43095362167796
"RASGEF1B" "11" 0.331414522995743
"HNRNPD" "18" 0.43457273320287
"HNRNPDL" "18" 1.28767123287671
"SEC31A" "14" 0.258525852585259
"PLAC8" "13" 3.82688291713039
"MRPS18C" "1" 0.306950376946243
"ARHGAP24" "16" 0.287929125138427
"HSD17B13" "14" 0.498671338306793
"HSD17B11" "14" 0.343789000748814
"SPARCL1" "11" 5.78080206385785
"SPP1" "17" 8.73389355742297
"SNCA" "19" 4.61931537930354
"MMRN1" "13" 0.681131063669435
"ADH5" "14" 0.601785327638132
"ADH4" "1" 1.08173839252713
"ADH1A" "14" 0.582032557132453
"ADH1B" "1" 0.51278467807019
"ADH1C" "1" 0.789943507273192
"MTTP" "14" 0.65951595159516
"H2AFZ" "18" 7.13033268101761
"EMCN" "11" 0.412322274881517
"BANK1" "16" 0.541877152262625
"UBE2D3" "18" 0.514568599717115
"CISD2" "14" 0.418466993470384
"CENPE" "18" 0.416438356164384
"RP11-328K4.1" "14" 0.563770192808755
"PPA2" "14" 0.385912249276617
"RPL34" "13" 3.19493601171066
"CCDC109B" "18" 0.565419082762256
"CFI" "14" 3.77641084187942
"ELOVL6" "14" 0.420319853924979
"NDST3" "10" 0.409478545750469
"SNHG8" "3" 0.276511137352267
"SYNPO2" "20" 0.836428845907519
"C4orf3" "14" 0.618811881188119
"MAD2L1" "18" 1.05857795172864
"ANXA5" "10" 0.296726805961634
"CCNA2" "18" 0.648847926267281
"PGRMC2" "14" 0.697261972718146
"SETD7" "14" 0.251375137513751
"MGST2" "1" 0.395842765191032
"GYPE" "19" 0.639884245467699
"GYPB" "19" 4.78799815465418
"GYPA" "19" 7.09923195084485
"HHIP" "20" 0.495164889660302
"RPS3A" "18" 10.8541422048271
"MND1" "18" 0.287540769732551
"FGB" "14" 136.798181209771
"FGA" "14" 147.619323661988
"FGG" "14" 71.2361966812983
"TDO2" "14" 6.62406747633014
"FNIP2" "14" 0.364353407817846
"NPY1R" "12" 0.336492890995261
"MARCH1" "10" 0.393782433866555
"MSMO1" "14" 6.77464622455886
"CPE" "11" 0.729901300056524
"PALLD" "20" 1.91771474444742
"HMGB2" "18" 17.2043010752688
"HAND2" "20" 0.450285147532854
"HAND2-AS1" "20" 0.447227043557319
"HPGD" "14" 2.79801389681712
"GPM6A" "13" 0.524443091728626
"SPCS3" "7" 1.58672569801011
"CENPU" "18" 0.300153609831029
"ACSL1" "14" 5.37733773377338
"PDLIM3" "20" 0.308953503266299
"KLKB1" "14" 0.495147924335177
"F11" "14" 0.303023443497431
"SDHA" "14" 0.484715469558884
"SLC6A19" "17" 0.367398572332159
"NDUFS6" "14" 0.660492490600949
"SNHG18" "20" 0.267999091528503
"DAP" "14" 0.364998662028365
"FAM134B" "14" 0.291498533551168
"BASP1" "10" 1.19553590529844
"CDH6" "17" 0.284055910921583
"GOLPH3" "14" 0.41034103410341
"SUB1" "7" 6.31389432485323
"AGXT2" "14" 0.321240871602071
"IL7R" "2" 0.885853030077796
"NADK2" "14" 0.365236523652365
"LIFR" "13" 3.85146981383391
"FYB" "10" 0.296569920844327
"C9" "14" 15.3508454225144
"RPL37" "18" 9.17789427697685
"C7" "13" 3.14503529138948
"C6" "14" 1.83553355335534
"PLCXD3" "13" 0.264446280273055
"SEPP1" "14" 12.8997622717417
"ANXA2R" "18" 0.252686762778506
"HMGCS1" "14" 3.6073997701837
"CCL28" "17" 0.284033613445378
"NNT" "14" 0.680968096809681
"EMB" "18" 0.633873445319855
"GZMA" "18" 3.50967993754879
"PLPP1" "13" 0.946736814644115
"IL6ST" "12" 1.28171173682743
"GPBP1" "18" 0.288920320603489
"RAB3C" "13" 0.416549250672473
"KIF2A" "18" 0.265093927479249
"CENPK" "18" 0.493803000652316
"RP11-434D9.1" "3" 0.286028602860286
"PIK3R1" "14" 0.381738173817382
"CCNB1" "18" 1.09915198956295
"CENPH" "18" 0.429185867895545
"MAP1B" "20" 1.24638399867758
"BTF3" "18" 2.32173324306026
"HMGCR" "14" 0.319838184136379
"IQGAP2" "14" 0.704545007184615
"F2R" "12" 0.473616357858128
"CRHBP" "12" 9.12175451220243
"BHMT2" "14" 0.26610633230321
"BHMT" "14" 2.0973597359736
"SERINC5" "14" 0.439493949394939
"DHFR" "18" 0.307590759075908
"RPS23" "18" 5.64486571879937
"VCAN" "4" 1.93527475815299
"MEF2C" "11" 0.296756011273011
"NR2F1" "13" 1.5852440117843
"RFESD" "19" 0.960675883256528
"LINC01554" "14" 1.2981298129813
"ELL2" "14" 0.456792156710779
"ERAP2" "18" 0.3610722957237
"LNPEP" "18" 0.312226512226512
"SLCO4C1" "14" 0.289219870262888
"PJA2" "14" 0.293015788065293
"MAN2A1" "14" 0.452145214521452
"STARD4" "14" 0.568921280045334
"NREP" "20" 0.419625507860802
"REEP5" "14" 0.490689969192614
"DCP2" "18" 0.268576454328433
"TMED7" "14" 0.722772277227723
"CDO1" "14" 0.71436726177588
"TNFAIP8" "18" 0.412846068660022
"HSD17B4" "14" 0.629224652087475
"LOX" "20" 0.278572690337396
"SNX24" "10" 0.277443959113989
"PPIC" "20" 0.466888689637505
"LMNB1" "18" 0.637051532941944
"SLC12A2" "17" 0.741731555007324
"ISOC1" "14" 0.305552821683759
"HINT1" "14" 3.03177961931382
"CDC42SE2" "18" 0.279778009018384
"FNIP1" "18" 0.323903818953324
"ACSL6" "19" 0.320430107526882
"P4HA2" "20" 0.382012264365206
"IRF1" "18" 0.524980483996877
"SEPT8" "20" 0.284124460595049
"LEAP2" "1" 1.00984084491948
"VDAC1" "14" 0.343331391962726
"SAR1B" "14" 0.781764856406118
"TXNDC15" "7" 0.346908552388004
"H2AFY" "18" 0.452720190978766
"CXCL14" "20" 3.05493729023141
"LECT2" "14" 0.416934039328386
"TGFBI" "20" 0.255009627041289
"HNRNPA0" "18" 0.972195892575039
"HSPA9" "14" 1.09350825738637
"SIL1" "14" 0.896679329960829
"PAIP2" "18" 0.303488920320603
"MZB1" "7" 17.0219996674469
"UBE2D2" "18" 0.734768427919113
"PURA" "13" 0.271461078017885
"CYSTM1" "17" 1.16727069974909
"CD14" "14" 0.768459198861063
"NDUFA2" "14" 0.335944727673563
"NDFIP1" "14" 0.496630006008516
"SPINK1" "14" 22.0749185411387
"ABLIM3" "14" 0.372937293729373
"CARMN" "20" 0.558043758043758
"CSF1R" "10" 0.629422283668747
"PDGFRB" "20" 0.464934762348555
"RPS14" "18" 1.32146242383209
"NDST1" "14" 0.295959325662296
"SYNPO" "11" 0.290989190662186
"GPX3" "20" 2.10637242747334
"ANXA6" "20" 0.322451164035322
"SPARC" "20" 14.9198021550963
"ATOX1" "14" 0.478547854785479
"TIMD4" "10" 0.573338359090338
"RNF145" "13" 0.252900022568269
"PTTG1" "18" 1.2937019969278
"CCNG1" "18" 0.324469589816125
"NUDCD2" "18" 0.342621404997643
"HMMR" "18" 0.500768049155146
"PANK3" "14" 0.385588558855886
"GABRP" "17" 0.30142089839236
"NPM1" "18" 2.58538812785388
"NEURL1B" "20" 0.440630203663379
"ATP6V0E1" "14" 0.952394543629314
"HIGD2A" "18" 0.275247524752475
"MXD3" "18" 0.698310291858679
"PRELID1" "7" 0.863666014350946
"F12" "14" 0.873388831420455
"GRK6" "18" 0.328506196999348
"PDLIM7" "20" 0.626489048289996
"TMED9" "7" 1.17284603585973
"ADAMTS2" "20" 1.00114098267133
"HNRNPH1" "18" 1.10518623290901
"CANX" "14" 1.82508250825083
"MAML1" "13" 0.340767586655515
"LTC4S" "13" 1.72613302027624
"MGAT4B" "14" 0.272011495384131
"SQSTM1" "17" 0.360845328230302
"RNF130" "10" 0.407560281094073
"SCGB3A1" "17" 8.58399506591627
"GNB2L1" "18" 4.01615888061386
"IRF4" "7" 0.358491563971016
"FOXC1" "13" 0.304926301143528
"GMDS" "14" 0.328708996144233
"SERPINB6" "11" 0.326448976042437
"NQO2" "1" 0.66708112163105
"TUBB2A" "19" 0.899073778345576
"ECI2" "14" 0.270505678798496
"DSP" "14" 0.467546754675467
"TXNDC5" "7" 0.327381759702389
"EDN1" "13" 0.793425801121788
"NOL7" "7" 0.414220482713633
"GMPR" "19" 1.14475467606397
"FAM8A1" "14" 0.382838283828383
"DEK" "18" 2.93271889400922
"ID4" "20" 0.547235308703199
"SOX4" "17" 1.54246652789556
"DCDC2" "17" 0.359846909060654
"GPLD1" "14" 0.358545556048142
"ALDH5A1" "14" 0.349284928492849
"C6orf62" "10" 1.18902008934403
"SCGN" "17" 0.591267699740447
"SLC17A4" "17" 0.395105897144336
"HIST1H4C" "18" 5.5174168297456
"HIST1H2BG" "7" 0.549510763209393
"HIST1H1D" "18" 0.486627527723418
"BTN3A2" "18" 0.554782430213465
"HLA-F" "18" 1.12870804059329
"HLA-A" "18" 9.66698262243286
"TRIM10" "19" 0.459851281228267
"HLA-E" "13" 6.2191830286617
"PPP1R18" "18" 0.725604996096799
"NRM" "18" 0.4998712998713
"TUBB" "18" 14.2768049155146
"IER3" "17" 0.440121072125533
"SFTA2" "17" 0.776136046835796
"DPCR1" "17" 0.467530131318582
"TCF19" "18" 0.379778212654925
"HLA-C" "18" 8.74076973255055
"HLA-B" "18" 11.6498806382711
"LTB" "16" 1.45705781284031
"LST1" "10" 1.30994362714076
"NCR3" "18" 0.433210180623974
"AIF1" "10" 2.17472016408819
"APOM" "1" 1.88533157490699
"CSNK2B" "18" 0.660961810466761
"CLIC1" "18" 3.77090671885192
"LSM2" "18" 0.653620352250489
"C6orf48" "18" 0.370913770913771
"C2" "14" 2.37954451508769
"CFB" "14" 5.04224055155913
"ATF6B" "18" 0.286834733893557
"GPSM3" "18" 1.22244000502576
"HLA-DRA" "10" 1.96236941261233
"HLA-DRB5" "4" 0.359507605630146
"HLA-DRB1" "4" 0.48768202721605
"HLA-DQB1" "16" 0.549300609285163
"PSMB8" "18" 1.51115459882583
"PSMB8-AS1" "18" 0.891178766588603
"PSMB9" "18" 1.72733202870189
"TAP1" "18" 0.45075016307893
"HLA-DPA1" "4" 0.805917689783758
"HLA-DPB1" "4" 1.02185787029374
"RPS18" "18" 3.96686236138291
"TAPBP" "14" 0.61966053748232
"KIFC1" "18" 0.560061443932412
"CUTA" "14" 0.395429268954293
"RPS10" "18" 2.96960208741031
"SNRPC" "18" 0.284818481848185
"DEF6" "18" 0.304430132708821
"RPL10A" "18" 3.15133724722766
"FKBP5" "10" 0.515617539891946
"SRSF3" "18" 2.15133724722766
"CPNE5" "7" 0.741091339371046
"PI16" "20" 0.721977791745234
"TSPO2" "19" 0.916327821451161
"PGC" "17" 0.510449869603014
"CCND3" "18" 0.501854020296643
"C6orf132" "17" 0.262371615312792
"GNMT" "1" 0.457020254709367
"MEA1" "18" 0.323294723294723
"KLHDC3" "18" 0.267840216655382
"SLC22A7" "14" 0.630336791134382
"VEGFA" "14" 0.945710957650387
"HSP90AB1" "13" 0.272531761519774
"ADGRF5" "12" 0.737692630569047
"MUT" "14" 1.0951595159516
"RHAG" "19" 1.54286544609125
"PKHD1" "17" 0.273733255678509
"MCM3" "18" 0.401826484018265
"GSTA1" "1" 2.74236161975515
"PTP4A1" "14" 1.01265126512651
"EEF1A1" "18" 15.5651997291808
"COX7A2" "1" 0.488759412720596
"TMEM30A" "14" 0.286083753494083
"TTK" "18" 0.374807987711213
"BCKDHB" "14" 0.383938393839384
"FAM46A" "17" 0.253054256003193
"ME1" "10" 0.405875284098331
"UBE2J1" "7" 2.36515576241604
"MANEA" "14" 0.657315731573157
"PNISR" "18" 0.323764387271496
"PRDM1" "7" 0.259230267449445
"CD24" "17" 5.8405674196284
"SEC63" "14" 0.431216213597876
"FOXO3" "19" 0.394486062273862
"CD164" "10" 0.43914417827007
"GTF3C6" "17" 0.315966386554622
"FAM229B" "20" 0.360002149266563
"MARCKS" "20" 0.859741257845523
"FAM26F" "10" 0.875892083459093
"MAN1A1" "14" 1.62211221122112
"PKIB" "10" 0.364946921237022
"CENPW" "18" 0.270319634703196
"RSPO3" "13" 1.98475726911746
"ECHDC1" "14" 0.383245083951735
"SMLR1" "1" 0.318632757907998
"EPB41L2" "10" 1.09548700121297
"AKAP7" "17" 0.800940178051419
"ARG1" "14" 3.82319941735724
"ENPP1" "14" 0.44994499449945
"CTGF" "20" 2.81490969642628
"RPS12" "18" 11.6508519003932
"SGK1" "12" 0.694653532819131
"ALDH8A1" "14" 0.377337733773377
"BCLAF1" "18" 0.291984912776992
"IFNGR1" "10" 0.41921026070419
"TNFAIP3" "18" 0.523730241316089
"ABRACL" "18" 0.680160824224149
"CITED2" "20" 0.404533565823888
"ADGRG6" "13" 1.12763361644221
"AIG1" "14" 0.597641871543019
"RAB32" "10" 0.991692572951227
"AKAP12" "13" 0.287984388068023
"GTF2H5" "14" 0.291114697950908
"DYNLT1" "20" 0.437201907790143
"SOD2" "14" 2.82024294866461
"WTAP" "18" 0.382072829131653
"TCP1" "18" 0.275799086757991
"SLC22A1" "14" 1.85590417888707
"LPA" "14" 1.0575064464697
"PLG" "14" 7.01050134834557
"QKI" "10" 0.357735354476003
"MPC1" "14" 0.776046690156093
"RNASET2" "10" 0.319689608505584
"THBS2" "20" 1.1048401342519
"PDCD2" "18" 0.260504201680672
"PDGFA" "20" 0.285941403588462
"NUDT1" "18" 0.594781474233529
"TTYH3" "10" 0.270197029147072
"ACTB" "18" 32.0944658944659
"EIF2AK1" "19" 1.05386990311934
"RAC1" "13" 0.425689954857507
"KDELR2" "14" 0.474017166883029
"RPA3" "18" 0.68010437051533
"NDUFA4" "1" 0.630927307442473
"ARL4A" "13" 0.410487693013301
"AGMO" "14" 0.280446036651379
"AGR2" "17" 1.62656206393997
"TOMM7" "3" 0.562259009201118
"GPNMB" "10" 0.836583616495796
"CYCS" "7" 0.928767123287671
"HNRNPA2B1" "18" 3.39160773220179
"CBX3" "18" 1.1972602739726
"SNX10" "10" 0.691606363802607
"HIBADH" "14" 0.618378835895518
"JAZF1" "19" 0.300995913184938
"CPVL" "10" 0.592482969684578
"INMT" "13" 5.57192263353401
"AQP1" "11" 0.637704623133657
"LSM5" "18" 0.375247524752475
"FKBP9" "20" 0.271923299446235
"TRGC2" "2" 0.345850056984292
"RALA" "13" 0.303259562009943
"BLVRA" "10" 0.266641537881643
"DBNL" "18" 0.344440256313607
"AEBP1" "20" 0.800435506596644
"POLD2" "14" 0.356091175717969
"NPC1L1" "14" 0.367721827826662
"PPIA" "18" 3.68316831683168
"H2AFV" "18" 3.70841487279843
"MYO1G" "18" 0.512110016420361
"RAMP3" "13" 6.72236161447201
"IGFBP3" "20" 3.92826950172922
"IKZF1" "18" 0.528858784893268
"SEC61G" "14" 2.66885935168859
"EGFR" "14" 0.451909476661952
"VOPP1" "7" 0.320077038658742
"CHCHD2" "7" 1.49093281148076
"ASL" "14" 1.69494911717812
"SBDS" "20" 0.262996941896025
"BCL7B" "18" 0.457317605941459
"MLXIPL" "14" 1.12114345762934
"CLDN3" "17" 1.48955819951743
"CLDN4" "17" 1.69252849654713
"ELN" "20" 1.24183816844367
"EIF4H" "18" 0.37716894977169
"RFC2" "18" 0.328245270711024
"GTF2I" "17" 0.568474914718363
"NCF1" "7" 0.272652801165066
"POR" "14" 0.953851150522607
"TMEM120A" "14" 0.433990118693778
"MDH2" "14" 0.514999114225538
"HSPB1" "20" 0.74857426233573
"CCDC146" "20" 1.43732303732304
"FGL2" "10" 0.712793750628799
"CD36" "12" 1.28701205252743
"HGF" "20" 1.76319176319176
"DBF4" "18" 0.478277886497065
"STEAP4" "20" 0.998736744124198
"AKAP9" "17" 0.757800149762875
"FAM133B" "17" 0.290756302521008
"COL1A2" "20" 19.0770311596
"PON1" "14" 2.15848473515344
"PON3" "14" 0.612375253429916
"PON2" "14" 1.08696336830502
"PDK4" "10" 2.57018814561885
"SLC25A13" "14" 0.278644961911698
"BUD31" "18" 0.322779922779923
"CYP3A5" "14" 3.77805973874698
"CYP3A7" "14" 4.43639237873367
"CYP3A4" "14" 2.03989921855008
"AZGP1" "14" 4.51058008385332
"ZKSCAN1" "14" 0.287336716864964
"COPS6" "20" 0.289802407449466
"MCM7" "18" 0.564976958525346
"STAG3" "16" 0.423631898073528
"TSC22D4" "18" 0.277088212334114
"PCOLCE" "20" 1.87423066630987
"TFR2" "14" 3.05665566556656
"GNB2" "18" 0.546460746460746
"TRIM56" "13" 0.409930866559416
"SERPINE1" "20" 1.08634376951209
"ZNHIT1" "14" 0.559445308347932
"FIS1" "14" 1.05454402299077
"RASA4" "13" 0.350073153346922
"LRRC17" "20" 0.283079287818624
"RELN" "12" 0.557498675145734
"SYPL1" "17" 0.2828360702079
"NAMPT" "14" 3.06710671067107
"DLD" "14" 0.300707213578501
"LAMB1" "20" 0.304487974212745
"CAV1" "11" 0.671625754194562
"WNT2" "13" 0.591286435585292
"CFTR" "17" 0.335034343770512
"LSM8" "18" 0.978921236741142
"AASS" "14" 0.336083608360836
"CALU" "20" 0.511570393923335
"PODXL" "11" 0.366792588595071
"AKR1B1" "10" 0.364090966201784
"AKR1B10" "17" 0.618104667609618
"BPGM" "19" 1.64086021505376
"CALD1" "20" 12.4227990366604
"C7orf73" "19" 0.686841264771638
"FAM180A" "20" 0.321056350468115
"PTN" "20" 0.293582682208275
"AC090498.1" "14" 2.66603049737459
"AKR1D1" "14" 0.349516760821211
"ZC3HAV1" "18" 0.25992456388496
"HIPK2" "13" 0.555018535028858
"MKRN1" "19" 1.21825050857309
"NDUFB2" "1" 0.543530893844851
"TRBC1" "18" 0.974707259953161
"TRBC2" "18" 0.484574599871166
"EZH2" "18" 0.598695368558382
"PDIA4" "14" 3.29903508941892
"RARRES2" "14" 11.9525815404602
"GIMAP7" "18" 1.15980777632154
"GIMAP4" "18" 0.258812909049876
"TMEM176B" "14" 5.57588134558983
"TMEM176A" "14" 4.60056492726807
"RHEB" "18" 0.592833569071193
"INSIG1" "14" 7.95331266035984
"NCAPG2" "18" 0.350554468362688
"LINC00685" "12" 0.258360368080635
"SLC25A6" "18" 0.487647162185907
"CD99" "20" 0.253539253539254
"ARHGAP6" "20" 0.295888305366978
"TMSB4X" "18" 40.9033295640156
"PIR" "13" 0.836633663366337
"BMX" "11" 0.521906749568822
"ACE2" "17" 0.322230542381969
"RBBP7" "18" 0.626779820839227
"SH3KBP1" "18" 0.396572249589491
"EIF1AX" "14" 0.380638063806381
"SMS" "18" 0.432893579595427
"PRDX4" "14" 1.13752140621617
"SAT1" "10" 8.26692889620189
"EIF2S3" "18" 0.283322049198826
"CYBB" "10" 0.473957167012303
"SRPX" "13" 0.749757235821847
"ATP6AP2" "10" 0.58611546537629
"GPR34" "10" 0.410113362347344
"MAOA" "14" 0.762149873038994
"MAOB" "14" 0.548954895489549
"NDUFB11" "14" 0.523236816723422
"TIMP1" "20" 2.17625208146535
"CFP" "10" 0.790508459174301
"UXT" "18" 0.692409240924092
"SLC38A5" "7" 0.295709445952486
"EBP" "14" 2.96809331171591
"RBM3" "18" 0.93750815394651
"WAS" "18" 0.470321560358461
"GATA1" "19" 0.328725038402458
"PIM2" "7" 2.42478799739074
"PLP2" "18" 0.903718199608611
"SMC1A" "18" 0.475530410183876
"PHF8" "14" 0.258525852585259
"ALAS2" "19" 8.95248812203051
"MSN" "18" 0.532177409222264
"VSIG4" "10" 0.653785614373294
"EFNB1" "11" 0.297835342087905
"IL2RG" "18" 0.833949096880131
"GJB1" "14" 0.508139283113202
"NONO" "18" 0.943140028288543
"PIN4" "1" 0.288746071426228
"RPS4X" "18" 3.87321146468066
"MAGT1" "14" 0.377887788778878
"COX7B" "1" 0.336484940740595
"ITM2A" "18" 0.2708192281652
"TSPAN6" "14" 0.328163859039933
"SRPX2" "20" 0.260791597284488
"RPL36A" "18" 3.18569171744527
"BEX5" "17" 0.867704880117184
"NGFRAP1" "20" 0.253161418299033
"TCEAL4" "20" 3.74645437516725
"TCEAL3" "20" 0.429539631374494
"TCEAL1" "20" 0.353004380527316
"MORF4L2" "20" 1.65774685576666
"SERPINA7" "14" 1.49420309824223
"RNF128" "14" 0.265676567656766
"TSC22D3" "18" 0.415300546448087
"IL13RA2" "12" 0.287316728493199
"PGRMC1" "14" 2.8052805280528
"SLC25A5" "18" 3.11806914546641
"UBE2A" "18" 0.334507501630789
"SEPT6" "18" 0.887822014051522
"RPL39" "14" 11.4853371051391
"LAMP2" "14" 0.605000416007987
"SH2D1A" "18" 1.182962529274
"XPNPEP2" "14" 0.298129812981298
"SASH3" "18" 0.57980093676815
"MBNL3" "14" 0.508250825082508
"HPRT1" "18" 0.433663366336634
"MOSPD1" "19" 0.486585755349729
"FAM127A" "20" 0.747918534648393
"FHL1" "20" 0.879261614555732
"RBMX" "18" 1.81724581724582
"F9" "14" 2.59240924092409
"HMGB3" "18" 0.308936725375082
"BGN" "20" 5.70220679394991
"SSR4" "7" 3.45013659878708
"FLNA" "20" 1.33178893178893
"RPL10" "18" 11.8810834425513
"MPP1" "19" 0.804635855533804
"F8" "12" 0.313155843377106
"CLIC2" "10" 0.25966311945879
"MYOM2" "18" 0.580500821018062
"DEFB1" "17" 9.98494745810849
"BLK" "16" 0.265437327073704
"FDFT1" "14" 0.717373168159423
"CTSB" "10" 8.13768024223778
"TUSC3" "20" 0.296161707926414
"MSR1" "10" 1.53810928610605
"SLC7A2" "14" 1.95874587458746
"FGL1" "14" 78.1702163258075
"ASAH1" "10" 0.99499232459343
"XPO7" "19" 0.459437879271798
"DMTN" "19" 0.858972994073601
"SLC39A14" "14" 3.10671067106711
"PDLIM2" "20" 0.587644787644788
"LOXL2" "20" 0.512012012012012
"SLC25A37" "19" 14.815930285889
"BNIP3L" "19" 2.03383784334709
"DPYSL2" "13" 0.778072050305114
"EPHX2" "14" 0.372261480621223
"CLU" "14" 9.69360077160798
"PBK" "18" 0.281413210445469
"PNOC" "7" 0.371380027002837
"SARAF" "14" 0.877416313059877
"NRG1" "13" 0.252897367477797
"PLPP5" "7" 0.757890759721765
"FGFR1" "13" 0.483668502625849
"TACC1" "11" 0.294433091293824
"C8orf4" "13" 0.32749434686987
"GPAT4" "14" 0.27997799779978
"ANK1" "19" 0.669124423963134
"PLAT" "13" 0.413061437453802
"VDAC3" "18" 0.653881278538813
"SMIM19" "14" 0.427942794279428
"CEBPD" "13" 0.636187080597707
"PRKDC" "18" 0.274398868458274
"LYPLA1" "14" 0.406129184347006
"RPS20" "18" 10.0506771515946
"IMPAD1" "14" 0.370283250989115
"RAB2A" "14" 0.556374623545854
"ASPH" "14" 0.356569440727857
"GGH" "14" 2.89760447217684
"TRAM1" "7" 0.250411733932689
"RPL7" "18" 2.02437373053487
"LY96" "10" 2.22320341936929
"HEY1" "11" 0.300190098355236
"MRPS28" "14" 0.45519949609275
"TPD52" "7" 0.260158858063773
"FABP5" "18" 0.9662100456621
"CA1" "19" 40.4202764976959
"CA3" "19" 0.730601569311247
"CA2" "19" 6.61507183518569
"DECR1" "14" 0.293437395429404
"RUNX1T1" "13" 0.314825282258649
"GEM" "20" 0.515330456506927
"UQCRB" "10" 1.113156038559
"SDC2" "14" 0.3699781508966
"MTDH" "7" 1.39520644823778
"MATN2" "11" 0.714273906934457
"RPL30" "18" 4.90074268239406
"ERICH5" "17" 0.566935685165155
"HRSP12" "14" 3.85219376808456
"COX6C" "1" 1.28433360234632
"POLR2K" "18" 0.288307402168788
"PABPC1" "18" 0.514260585500692
"YWHAZ" "18" 1.62522522522523
"ZNF706" "7" 0.765166340508806
"CTHRC1" "20" 1.11910932458878
"DPYS" "14" 2.32728272827283
"ENY2" "14" 0.665994134204673
"EIF3H" "18" 0.949214725468023
"RAD21" "18" 1.44423963133641
"MED30" "18" 0.386374351720886
"COLEC10" "20" 0.665871754107048
"COL14A1" "20" 1.34182754182754
"SNTB1" "14" 0.476897689768977
"DERL1" "7" 0.441620972273353
"FAM83A-AS1" "14" 0.581487754038562
"ZHX1" "14" 0.251925192519252
"ATAD2" "18" 0.568356374807988
"ANXA13" "17" 1.04397204426325
"NDUFB9" "1" 0.320384622955337
"MTSS1" "10" 0.428759894459103
"SQLE" "14" 0.738009413023973
"LINC00861" "18" 0.251873536299766
"FAM84B" "13" 0.853964665130368
"FAM49B" "18" 0.676658860265418
"ASAP1" "13" 0.448787628447614
"TMEM71" "18" 0.448360655737705
"NDRG1" "13" 0.330710030870907
"ST3GAL1" "14" 0.261826182618262
"PSCA" "17" 0.417708042626645
"LYPD2" "13" 2.12308733920108
"NAPRT" "14" 0.383254925890203
"EEF1D" "18" 2.68241395568128
"TSTA3" "14" 0.334720026624511
"GRINA" "14" 0.473209853966927
"MAF1" "18" 0.349717896637328
"GPT" "14" 1.53049032537449
"RPL8" "18" 0.252707110241357
"GLIS3" "17" 0.337270043152396
"SLC1A1" "14" 0.341034103410341
"AK3" "14" 0.537953795379538
"RCL1" "14" 0.267277522980926
"IL33" "11" 0.969628830125322
"GLDC" "14" 0.74037403740374
"MPDZ" "14" 0.300880088008801
"PSIP1" "18" 0.764055299539171
"PLIN2" "1" 1.00081250669799
"RPS6" "18" 4.18366057323403
"IFT74" "10" 0.345920739831239
"ACO1" "14" 1.12486248624862
"NDUFB6" "14" 0.258685164015423
"DNAJA1" "14" 0.259936183191779
"AQP3" "7" 0.465062737423737
"DCAF12" "19" 0.84018498028201
"DCTN3" "18" 1.31016731016731
"ARHGEF39" "18" 0.252227342549923
"CA9" "17" 0.309382468583764
"TPM2" "20" 11.7476650962889
"HRCT1" "13" 0.67385538501674
"CLTA" "13" 0.575773112080932
"GNE" "14" 0.308030803080308
"MELK" "18" 0.287540769732551
"GRHPR" "1" 0.871336338405213
"PGM5" "13" 0.59406930736119
"TJP2" "14" 0.440594059405941
"TMEM2" "12" 0.337628384687208
"GDA" "14" 0.273927392739274
"ALDH1A1" "14" 3.02261677459992
"ANXA1" "18" 0.764189070462133
"OSTF1" "18" 0.528910667169242
"RFK" "11" 0.256373465512993
"GNAQ" "13" 0.257533096657981
"PSAT1" "14" 0.434275534909356
"UBQLN1" "14" 0.407040704070407
"GOLM1" "17" 0.346290174837708
"ISCA1" "19" 0.728343802122148
"CTSL" "12" 2.14128178917697
"CKS2" "18" 1.43287250384025
"OGN" "20" 1.09182577072485
"ASPN" "20" 1.01750321750322
"NINJ1" "10" 0.422075962184424
"FBP1" "1" 0.338690628506191
"HEMGN" "19" 4.43164362519201
"ANP32B" "18" 3.61413210445468
"NANS" "7" 0.518901009474724
"TRIM14" "10" 0.355697952004021
"SEC61B" "7" 0.277673364205305
"ERP44" "14" 0.375268838038403
"ALDOB" "14" 0.967334606224041
"SMC2" "18" 0.806784083496412
"ABCA1" "14" 0.321560124350166
"SLC44A1" "14" 1.22906074391223
"RAD23B" "14" 0.451595159515952
"PTGR1" "14" 0.72185697695018
"AMBP" "14" 38.4149853355117
"KIF12" "17" 0.522838838505699
"ORM1" "14" 188.350756845068
"ORM2" "14" 34.5027065330788
"ATP6V1G1" "14" 0.528512095742377
"TNC" "20" 0.456999434859213
"PHF19" "18" 0.934637964774951
"C5" "14" 3.28217821782178
"RAB14" "14" 0.481565299387082
"STOM" "14" 0.90727137229852
"NDUFA8" "13" 0.260921589789311
"LHX6" "13" 0.662233093818478
"PTGS1" "13" 0.736814644114962
"RPL35" "18" 1.98797736916548
"ARPC5L" "18" 1.13899297423888
"HSPA5" "14" 1.23537617949662
"RPL12" "20" 2.07876447876448
"FPGS" "14" 0.461498336712399
"ENG" "13" 2.88351454325806
"DPM2" "19" 0.294009216589862
"LCN2" "17" 7.0631084116815
"C9orf16" "18" 0.990827478532396
"URM1" "18" 0.255707762557078
"CERCAM" "20" 0.680800066121167
"SET" "18" 0.620352250489237
"ZDHHC12" "18" 0.723620933521924
"LINC01503" "10" 0.298487312049902
"C9orf78" "19" 0.857450076804916
"ASS1" "14" 6.16889750605279
"RPL7A" "7" 0.846444879321592
"SURF4" "14" 0.937293729372937
"ADAMTS13" "20" 0.334544628662276
"ADAMTSL2" "20" 0.336499866202837
"DBH" "20" 0.71982873963072
"DBH-AS1" "14" 0.254511272022725
"RXRA" "14" 0.568206820682068
"COL5A1" "20" 1.17074420391956
"FCN2" "12" 8.3015368309486
"FCN1" "4" 2.00516020991344
"UBAC1" "19" 0.781166826360055
"SEC16A" "14" 0.264026402640264
"EGFL7" "12" 0.325635783539324
"AGPAT2" "14" 0.896630120268488
"TMEM141" "14" 0.358016473916299
"EDF1" "14" 1.35704584374938
"FBXW5" "14" 0.449127769919849
"C8G" "14" 4.85397515894731
"PTGDS" "13" 3.03317535545024
"C9orf142" "18" 1.04828259172521
"NPDC1" "13" 0.349493456237228
"SSNA1" "18" 0.493542074363992
"TUBB4B" "18" 1.94838709677419
"MRPL41" "14" 1.70880656654135
"PSMD13" "18" 0.316737388024517
"IFITM2" "14" 0.687837267139035
"IFITM1" "8" 0.277322404371585
"IFITM3" "14" 7.39650884519732
"CDHR5" "14" 0.377386992430586
"RPLP2" "18" 14.6037834311807
"POLR2L" "1" 0.267451397227197
"MUC6" "17" 0.307866265772364
"MUC5B" "17" 2.60569344016676
"TOLLIP" "14" 0.339832293368502
"IFITM10" "12" 0.252252252252252
"CTSD" "14" 0.660949868073879
"SYT8" "17" 1.07067975705134
"LSP1" "18" 0.638617090671885
"IGF2" "14" 1.08140814081408
"CD81" "14" 2.37458745874587
"KCNQ1OT1" "20" 0.572109925051101
"PHLDA2" "17" 0.282579086680544
"NAP1L4" "18" 0.371121351766513
"RRM1" "18" 0.471889400921659
"HBB" "19" 2588.35708927232
"HBD" "19" 84.0072999901352
"PRKCDBP" "20" 1.43565583932556
"SMPD1" "14" 0.576235655374683
"HPX" "14" 39.1370391512312
"ILK" "20" 0.827541827541827
"TPP1" "10" 1.53616203708211
"OLFML1" "20" 0.288122985370692
"EIF3F" "18" 1.96550836550837
"RPL27A" "18" 12.7906066536204
"TMEM41B" "14" 0.33642565937266
"MTRNR2L8" "14" 3.03439075250809
"LYVE1" "10" 0.864805904771759
"PSMA1" "18" 0.518481848184819
"RPS13" "18" 1.44736775976881
"NUCB2" "18" 1.06196999347684
"USH1C" "17" 0.299462904427826
"SAA4" "14" 9.35907328307383
"SAA2" "14" 546.925215256025
"SAA1" "14" 1379.46455162209
"LDHA" "14" 0.466619519094766
"FIBIN" "20" 0.36520554167613
"CCDC34" "18" 0.433486943164362
"LGR4" "14" 0.360836083608361
"RCN1" "20" 0.485659971898504
"EIF3M" "18" 0.437005798629415
"PRRG4" "17" 0.254318086073479
"CD59" "13" 0.340464078148325
"LMO2" "11" 0.306535066742032
"CAT" "14" 0.479239859469818
"EHF" "17" 0.343040186371578
"CD44" "10" 0.916094986807388
"LDLRAD3" "13" 0.330043335217473
"TTC17" "14" 0.306261707251806
"C11orf96" "20" 0.689395817836185
"DKFZp779M0652" "14" 0.250825082508251
"SLC35C1" "14" 0.352585258525853
"PEX16" "14" 0.358197350550164
"F2" "14" 4.84810936362026
"DDB2" "18" 0.453620352250489
"CELF1" "14" 0.337183718371837
"MTCH2" "14" 0.665767769619904
"SSRP1" "18" 0.329288975864318
"SLC43A3" "14" 0.3003771805752
"SLC43A1" "14" 0.345877871369227
"UBE2L6" "18" 0.330399458361544
"SERPING1" "14" 14.3739641359762
"YPEL4" "19" 0.295553618134263
"C11orf31" "14" 0.34059405940594
"LPXN" "18" 0.303708040593286
"GLYAT" "1" 0.301163317126941
"GLYATL1" "14" 0.428842784874909
"FAM111A" "18" 0.748739495798319
"MPEG1" "10" 1.08927487691763
"TCN1" "17" 0.366689795184129
"MS4A6A" "10" 4.43235552796316
"MS4A4A" "10" 1.65140023431897
"MS4A7" "10" 5.78486143700487
"MS4A1" "16" 1.51453992530391
"TMEM109" "18" 0.267103538663172
"MYRF" "17" 0.261877028038938
"TMEM258" "7" 2.30859700451454
"FADS1" "14" 0.569118040579893
"FTH1" "10" 27.2552811016237
"SCGB2A1" "17" 0.283559113300493
"POLR2G" "18" 0.575702576112412
"RARRES3" "18" 0.831615925058548
"PLA2G16" "14" 0.693444699920229
"COX8A" "18" 2.36030174446016
"FERMT3" "18" 0.26455807415217
"FKBP2" "14" 1.23962167588528
"ESRRA" "5" 0.321849514045204
"PRDX5" "14" 0.612155753390465
"RASGRP2" "18" 0.357253599114064
"EHD1" "18" 0.285844748858448
"SAC3D1" "18" 0.581376709099481
"CDCA5" "18" 0.614350945857795
"VPS51" "18" 0.292439629880388
"TM7SF2" "14" 0.274748540036833
"FAU" "18" 3.39843444227006
"SYVN1" "14" 0.270242777702428
"NEAT1" "14" 13.1716171617162
"MALAT1" "18" 29.3564449917898
"RNASEH2C" "18" 0.3662100456621
"CFL1" "18" 10.1379665379665
"EFEMP2" "20" 0.716536441654925
"CTSW" "18" 0.349014778325123
"FIBP" "18" 0.574690150032616
"DRAP1" "18" 0.498584298584299
"BANF1" "18" 0.753842527109854
"YIF1A" "14" 0.296628311479797
"BRMS1" "18" 0.278930202217873
"CCS" "14" 0.371956380528709
"PC" "14" 0.937293729372937
"RAD9A" "18" 0.273189823874755
"POLD4" "14" 0.273738802451674
"PPP1CA" "18" 1.58108284409654
"TBC1D10C" "18" 0.460460577673692
"AIP" "18" 0.30173775671406
"GSTP1" "17" 0.764705882352941
"NDUFS8" "14" 0.341731787492865
"MRGPRF" "20" 0.280490574608222
"ANO1" "14" 0.552255225522552
"DHCR7" "14" 0.305647814383982
"FOLR2" "10" 1.42842723941751
"PDE2A" "13" 0.548059350122355
"STARD10" "14" 2.29152915291529
"COA4" "14" 0.314081408140814
"UCP2" "18" 0.297388632872504
"SPCS2" "7" 2.1921683362074
"RPS3" "18" 15.3634394041977
"SERPINH1" "20" 1.30842607313196
"TSKU" "14" 0.904840484048405
"THRSP" "14" 0.737733948275591
"NDUFC2" "14" 0.644499340590123
"PRCP" "12" 0.586206362481801
"TMEM126A" "14" 0.327303505698482
"PRSS23" "13" 10.0278128034552
"C11orf54" "14" 1.33773377337734
"TMEM123" "14" 0.86099427884741
"MMP7" "17" 0.585775269517401
"CASP4" "18" 0.692564402810304
"ACAT1" "14" 1.83529515973466
"FDX1" "14" 0.644332027636163
"COLCA1" "17" 0.272818038106332
"POU2AF1" "7" 1.24034041778546
"PPP2R1B" "14" 0.272827282728273
"CRYAB" "20" 0.75584828526005
"HSPB2" "20" 0.314845651338542
"DIXDC1" "13" 0.595736046494775
"TIMM8B" "14" 0.383938393839384
"SDHD" "14" 0.477225754384584
"IL18" "10" 0.575623038552285
"PTS" "14" 0.436558864633978
"NNMT" "14" 13.7887920004724
"APOA5" "1" 3.58271165088676
"APOA4" "14" 0.448575871503651
"APOC3" "1" 115.346826630973
"APOA1" "14" 2.03777335984094
"TAGLN" "20" 29.1182272319713
"FXYD2" "17" 9.42739628833064
"IL10RA" "10" 0.508452683471426
"CD3E" "18" 0.654169763639066
"CD3D" "18" 0.612586095832714
"ATP5L" "18" 2.41709067188519
"ARCN1" "14" 0.266226622662266
"DDX6" "18" 0.307103825136612
"RPS25" "18" 2.19825251201398
"HYOU1" "14" 0.428426110712833
"HMBS" "19" 3.1033604780843
"H2AFX" "18" 1.55407697325506
"RNF26" "18" 0.265546218487395
"THY1" "20" 1.20398380031408
"OAF" "14" 0.370737073707371
"ARHGEF12" "14" 0.413260757355356
"TBCEL" "19" 0.264186096028958
"SC5D" "14" 1.12644618992901
"SORL1" "14" 0.295929592959296
"HSPA8" "18" 3.27084148727984
"VSIG2" "17" 0.458958939025847
"EI24" "14" 1.32673267326733
"ETS1" "18" 0.381313473256601
"APLP2" "14" 1.04015401540154
"ST14" "17" 0.374854000640847
"IDI1" "14" 0.402115569267579
"KLF6" "18" 0.935192863425053
"AKR1C2" "14" 0.599767730252151
"AKR1C4" "1" 0.670708422730941
"PFKFB3" "10" 0.304140825049411
"RP11-554I8.2" "17" 0.252100840336134
"ITIH2" "14" 2.40326358679606
"CELF2" "18" 0.464028144239226
"PHYH" "14" 0.529053402358128
"FRMD4A" "10" 0.42451839872897
"DCLRE1C" "18" 0.303083528493365
"NMT2" "14" 0.35973597359736
"FAM171A1" "17" 0.300211079692541
"VIM" "11" 0.819323911067032
"MRC1" "12" 0.279700622553331
"PIP4K2A" "18" 0.341666666666667
"EPC1" "18" 0.2589968774395
"ITGB1" "20" 2.10543216483811
"NRP1" "12" 0.850114820703056
"CCNY" "14" 0.293179317931793
"HNRNPF" "18" 0.761338991041961
"CXCL12" "20" 0.987021322113671
"C10orf10" "11" 0.514629444595836
"NCOA4" "19" 0.342327006553749
"SYT15" "13" 0.437221908198907
"A1CF" "14" 1.15841584158416
"ZWINT" "18" 0.73529028049576
"BICC1" "17" 0.743583920054508
"LINC00844" "3" 1.34536346278763
"ANK3" "20" 0.410856234385646
"CDK1" "18" 0.521351766513057
"ARID5B" "20" 1.07628729647078
"DNAJC12" "14" 0.277778871326496
"PBLD" "14" 0.483498349834984
"SRGN" "18" 2.69295378668072
"VPS26A" "18" 0.281235266383781
"EIF4EBP2" "14" 0.273927392739274
"PRF1" "9" 0.830131362889984
"PCBD1" "14" 0.929019939767337
"C10orf54" "4" 0.574230755500167
"PSAP" "10" 4.67883372765126
"SPOCK2" "18" 0.332778355879292
"ANAPC16" "18" 0.255728429985856
"OIT3" "12" 2.63531178237061
"DNAJC9" "18" 0.328110599078341
"ANXA7" "14" 0.587160207074385
"VCL" "20" 0.815678237479185
"KCNMA1" "10" 0.484351733326367
"RPS24" "18" 4.79582517938682
"ZCCHC24" "13" 0.320749847496598
"PLAC9" "13" 0.470090944024593
"ANXA11" "17" 0.30140056022409
"MAT1A" "3" 3.32343234323432
"FAM213A" "14" 0.341251097586823
"GHITM" "14" 0.826053579513021
"ADIRF" "11" 7.34350768874009
"GLUD1" "14" 2.66556655665567
"FAM35A" "14" 0.406490649064907
"MINPP1" "19" 0.393005429575216
"PAPSS2" "14" 0.320682068206821
"ACTA2" "20" 35.642471042471
"LIPA" "10" 3.98783942984549
"IFIT1B" "19" 0.373076112165296
"KIF20B" "18" 0.856221198156682
"PPP1R3C" "14" 0.35973597359736
"CPEB3" "14" 0.594609460946095
"KIF11" "18" 0.553424657534247
"EXOC6" "11" 0.265330376683044
"CEP55" "18" 0.502674494455316
"RBP4" "14" 11.3796626183493
"CYP2C18" "14" 0.495049504950495
"CYP2C9" "14" 11.7495423498612
"CYP2C8" "14" 14.3628230616302
"SFRP5" "17" 1.56712732486359
"GOT1" "14" 0.494616459657894
"SCD" "14" 3.50800421854586
"SEMA4G" "14" 0.369486053973191
"BORCS7" "14" 0.274435737412604
"GSTO1" "14" 0.73864732397693
"MXI1" "19" 0.718187840799062
"SMC3" "18" 0.668336718573685
"PDCD4" "18" 0.26036299765808
"ADRA2A" "17" 0.283897342720872
"GPAM" "14" 1.45654565456546
"TCF7L2" "10" 0.343425899318164
"HABP2" "14" 1.13179133039354
"EIF3A" "14" 0.351909476661952
"PRDX3" "14" 1.19559868511702
"GRK5" "20" 0.312540028179839
"RGS10" "18" 0.265385098630481
"FGFR2" "17" 1.12536906654554
"HTRA1" "14" 0.740968691463741
"ACADSB" "14" 2.07040704070407
"BUB3" "18" 0.841487279843444
"OAT" "19" 0.412257354767735
"PTPRE" "4" 0.402741170268846
"MKI67" "18" 2.00965427266797
"MGMT" "14" 0.916441942404976
"BNIP3" "14" 0.769895478613468
"PRAP1" "1" 1.58355805759502
"FUOM" "14" 0.333001988071571
"ECHS1" "1" 0.834635749857292
"CYP2E1" "1" 0.418252859083122
"WNK1" "19" 0.436150594376826
"ADIPOR2" "14" 0.563806380638064
"FOXM1" "18" 0.275538160469667
"CCND2" "7" 2.22590709313144
"RAD51AP1" "18" 0.644854070660522
"NTF3" "20" 0.366449948954919
"VWF" "13" 1.87074800353639
"CD9" "11" 2.01818919663174
"SCNN1A" "17" 0.279723770696397
"CD27" "7" 1.49137090156006
"NCAPD2" "18" 0.442009132420091
"GAPDH" "18" 8.99295499021526
"MLF2" "14" 0.440460262242441
"PTMS" "14" 1.86358635863586
"CD4" "12" 0.669149981892493
"CDCA3" "18" 0.637573385518591
"TPI1" "18" 1.2049976426214
"C12orf57" "18" 0.274388674388674
"PTPN6" "18" 0.359023018801617
"C1S" "14" 18.9317931793179
"C1R" "14" 10.1373245674468
"C1RL" "14" 1.27007700770077
"RBP5" "1" 0.376798614255064
"CD163" "10" 8.06165964034311
"CLEC4E" "4" 0.303699448603985
"A2M" "14" 18.0915802232051
"KLRB1" "8" 0.423633879781422
"CLEC2D" "18" 0.572231306674595
"CLECL1" "10" 0.315436378883639
"CD69" "18" 0.381378524354591
"CLEC2B" "18" 0.525863678804855
"CLEC1B" "12" 4.14396749690867
"YBX3" "19" 1.92986090559337
"CREBL2" "10" 0.386321481752397
"APOLD1" "18" 0.30345128877239
"EMP1" "11" 0.665344243325895
"PLBD1" "4" 0.26387381520874
"H2AFJ" "20" 0.715948621889216
"MGP" "11" 8.90999608678638
"ARHGDIB" "18" 6.8525442894836
"MGST1" "14" 5.99859260279905
"SLCO1B1" "14" 0.605190638348129
"LDHB" "18" 1.06549249836921
"ABCC9" "14" 0.275027502750275
"LRMP" "18" 0.287665886026542
"LYRM5" "14" 0.586908690869087
"ITPR2" "14" 0.442244224422442
"TM7SF3" "17" 0.45266106442577
"PPHLN1" "18" 0.286888454011742
"ANO6" "14" 0.464796479647965
"SLC38A1" "18" 0.304683840749415
"SLC38A4" "14" 2.0027502750275
"TMEM106C" "18" 0.737638617090672
"FKBP11" "7" 5.59869536855838
"TUBA1B" "18" 17.0519201228879
"TUBA1A" "20" 1.18429858429858
"TUBA1C" "18" 1.12227342549923
"TROAP" "18" 0.857450076804916
"SPATS2" "7" 0.273889131059812
"TMBIM6" "14" 6.80742278999272
"RACGAP1" "18" 0.637480798771121
"COX14" "14" 0.726072607260726
"LARP4" "14" 0.264026402640264
"METTL7A" "14" 3.72167216721672
"DAZAP2" "10" 0.280160824224149
"BIN2" "18" 0.770751231527094
"NR4A1" "11" 0.51367881643111
"KRT7" "17" 4.19476781538303
"KRT8" "17" 4.53681670688077
"KRT18" "17" 3.69282623586214
"IGFBP6" "20" 2.41437171768925
"PFDN5" "4" 0.696813326972319
"ATP5G2" "18" 1.18039215686275
"CBX5" "18" 0.789171559034573
"HNRNPA1" "18" 11.7757338551859
"NFE2" "19" 0.712970678093878
"PPP1R1A" "14" 0.691969196919692
"METTL7B" "14" 0.523394287738913
"BLOC1S1" "18" 0.304384724186705
"CD63" "20" 2.411310470134
"RPS26" "7" 0.585518590998042
"ERBB3" "17" 0.373242366253432
"RPL41" "14" 7.41862329090052
"ESYT1" "18" 0.257237152286657
"MYL6" "20" 4.25379665379665
"STAT2" "14" 0.325909767757778
"APOF" "14" 2.20655276263213
"SPRYD4" "14" 0.563106509458103
"GLS2" "14" 0.548576240771931
"PTGES3" "18" 0.475624705327676
"PRIM1" "18" 0.339784946236559
"HSD17B6" "14" 2.90415920319666
"RDH16" "14" 0.381207802688817
"GPR182" "12" 0.403197314962021
"LRP1" "14" 0.866886688668867
"SHMT2" "14" 0.439826388205421
"OS9" "14" 0.761184631183275
"RP11-620J15.3" "18" 0.669498069498069
"SLC16A7" "17" 0.379015986341766
"GNS" "10" 0.552417774759006
"MSRB3" "20" 0.562029919828085
"RAP1B" "18" 0.876149425287356
"CPM" "10" 0.965186432866967
"CPSF6" "18" 0.271148459383754
"LYZ" "4" 7.32990170237837
"RP11-1143G9.4" "4" 2.77388446153369
"YEATS4" "18" 0.720547945205479
"RAB3IP" "17" 0.330934353939596
"PTPRB" "13" 1.90348855747351
"TSPAN8" "17" 1.87700686636484
"NAP1L1" "18" 2.07129987129987
"CSRP2" "20" 0.275374778356886
"ACSS3" "14" 0.792079207920792
"LUM" "20" 4.12565646214935
"DCN" "20" 15.9910793146087
"BTG1" "18" 0.561344537815126
"RP11-693J15.5" "16" 0.309698266053793
"NUDT4" "19" 1.18794614620042
"UBE2N" "18" 0.344161774298761
"SOCS2" "12" 0.250644600347784
"NTN4" "12" 1.32385466034755
"SNRPF" "18" 0.741584158415842
"AMDHD1" "14" 1.24581225518178
"HAL" "14" 1.07215602323348
"LTA4H" "4" 0.512824257530174
"TMPO" "18" 1.34311806914547
"SLC25A3" "18" 0.595190947666195
"NR1H4" "14" 0.285464680921874
"CHPT1" "14" 0.654390488750664
"IGF1" "14" 0.81023102310231
"PAH" "14" 3.65401540154015
"STAB2" "12" 1.2013251783894
"HSP90B1" "7" 1.07311425858829
"SLC41A2" "14" 0.285386689762416
"C12orf75" "18" 0.260504201680672
"NUAK1" "13" 0.712784613823789
"CMKLR1" "10" 0.384448620211796
"ACACB" "14" 0.962046204620462
"MMAB" "14" 1.23743676554534
"ATP2A2" "14" 0.520902090209021
"ARPC3" "18" 1.09910792813168
"ALDH2" "14" 3.02994901875873
"ERP29" "14" 1.08472031156149
"RPL6" "18" 4.45414220482713
"PTPN11" "14" 0.304322579375234
"SDS" "14" 2.78824085191819
"SDSL" "14" 0.663523807649155
"TESC" "17" 0.395861570434625
"PEBP1" "14" 2.74387339330355
"TAOK3" "18" 0.286232909005186
"RPLP0" "18" 6.47775603392042
"PXN" "13" 0.309390263344783
"COX6A1" "14" 0.535125878393009
"SRSF9" "7" 0.558773646444879
"DYNLL1" "14" 0.69025956649719
"RNF10" "19" 0.698924731182796
"MLEC" "14" 0.499089341419465
"ACADS" "14" 0.439373659035884
"RHOF" "18" 0.609870670432585
"HPD" "14" 4.03532271716237
"RSRC2" "18" 0.281792717086835
"ABCB9" "7" 0.587888240878882
"TMED2" "14" 0.647964796479648
"UBC" "18" 0.703588354773189
"RAN" "18" 1.39921722113503
"PXMP2" "14" 0.32157549750999
"CRYL1" "14" 0.70254709367557
"SAP18" "14" 0.258745874587459
"SKA3" "18" 0.298760600130463
"MRPL57" "14" 0.331133113311331
"RPL21" "18" 10.4159468438538
"POLR1D" "18" 0.502521008403361
"POMP" "14" 1.01984134795189
"HMGB1" "18" 10.3532941943901
"ALOX5AP" "18" 0.425390320062451
"POSTN" "13" 1.32439091554705
"UFM1" "7" 0.25660227470888
"RGCC" "19" 0.941081160701134
"DNAJC15" "14" 0.349841544790662
"TPT1" "14" 18.3109896297687
"ZC3H13" "14" 0.674917491749175
"CPB2" "14" 4.51470385607149
"LCP1" "18" 1.16444276919211
"ITM2B" "10" 2.10669474635488
"LPAR6" "12" 0.368621454698087
"EBPL" "14" 0.714485365037498
"DLEU7" "10" 0.254210114660513
"RNASEH2B" "18" 0.476320939334638
"CKAP2" "18" 0.447619047619048
"HNRNPA1L2" "18" 0.297478991596639
"MZT1" "18" 0.772657450076805
"KLF5" "17" 0.479736848867988
"KCTD12" "10" 0.623940777666352
"EDNRB" "20" 0.712620877758492
"CLDN10" "17" 1.92894405468609
"DNAJC3" "14" 0.541522156129507
"TM9SF2" "14" 0.762720705470149
"ITGBL1" "20" 0.645666541292784
"EFNB2" "11" 0.444564370090544
"ARGLU1" "11" 0.586692175022102
"COL4A1" "20" 2.18989577813107
"COL4A2" "20" 2.06756756756757
"F7" "14" 0.464273763360431
"F10" "14" 0.676091963073047
"PROZ" "14" 0.295071157215125
"LAMP1" "14" 1.15401540154015
"TFDP1" "19" 0.37542242703533
"GAS6" "11" 0.471749941650658
"PNP" "19" 0.458678955453149
"RNASE4" "14" 0.879367360195264
"ANG" "1" 10.0205499675216
"RNASE6" "10" 0.265546349394892
"RNASE1" "13" 2.43997565111527
"RNASE2" "4" 0.600664661000172
"HNRNPC" "18" 1.27901933050448
"TRDC" "18" 1.45316159250585
"DAD1" "7" 0.282410726395536
"SLC7A7" "10" 0.950543120206928
"MRPL52" "7" 0.309156800877708
"DHRS4" "14" 0.264836722240813
"DHRS4L2" "14" 0.425722890380489
"DCAF11" "14" 0.336580432236772
"PSME1" "18" 1.33750815394651
"PSME2" "7" 0.462361382909328
"CHMP4A" "18" 0.394397759103641
"GZMH" "9" 0.411022167487685
"HECTD1" "14" 0.381188118811881
"SPTSSA" "14" 0.297966283114798
"SNX6" "10" 0.423939848586752
"CFL2" "14" 0.475444363521839
"SRP54" "14" 0.393559512507024
"PPP2R3C" "18" 0.325114155251142
"NFKBIA" "18" 0.896358543417367
"CLEC14A" "11" 3.56248822412569
"PNN" "18" 0.354879773691655
"RPS29" "18" 7.72676410498192
"RPL36AL" "7" 1.48280405339947
"KLHDC2" "14" 0.273941259672186
"ARF6" "18" 0.856149853306251
"GNG2" "18" 0.370297776102525
"C14orf166" "18" 0.73163731245923
"NID2" "20" 0.275890569468551
"GNPNAT1" "14" 0.418361120406275
"FERMT2" "20" 0.492774953170993
"CDKN3" "18" 0.807566862361383
"CNIH1" "14" 0.787069661240478
"LGALS3" "19" 0.77536821180085
"DLGAP5" "18" 0.538248847926267
"KTN1" "14" 0.424241002299282
"PELI2" "13" 0.443063916997566
"C14orf105" "17" 0.308719527414926
"DAAM1" "20" 0.641671082847553
"HIF1A" "13" 0.593687079887247
"MTHFD1" "14" 0.711719780327933
"HSPA2" "20" 0.46816959139234
"CHURC1" "14" 0.398761203134531
"GPX2" "14" 3.7405763439167
"RDH11" "14" 0.791252813675644
"ZFP36L1" "14" 2.57073068784451
"ACTN1" "20" 0.391699756628666
"SLC39A9" "14" 0.334433443344334
"SRSF5" "18" 0.492362093352192
"SMOC1" "14" 0.316831683168317
"COX16" "14" 0.351485148514851
"RBM25" "18" 0.258317025440313
"ENTPD5" "14" 0.832233223322332
"ALDH6A1" "14" 0.968096809680968
"NPC2" "10" 4.98476926721774
"LTBP2" "20" 0.29307032150634
"TMED10" "14" 0.867450737245936
"FOS" "11" 0.736514789401999
"C14orf1" "14" 0.291835224857939
"TGFB3" "20" 0.331743508214096
"GSTZ1" "1" 0.501328661693207
"SLIRP" "14" 0.437346219711434
"SEL1L" "14" 0.564906490649065
"FLRT2" "11" 0.328836121604605
"GALC" "10" 0.260258826485739
"CALM1" "18" 2.71821756225426
"CCDC88C" "18" 0.256468955948665
"FBLN5" "20" 1.87866765848417
"NDUFB1" "1" 0.813387004704446
"LGMN" "10" 0.361693138117164
"IFI27" "13" 1.92467788454571
"SERPINA10" "14" 1.72222222222222
"SERPINA6" "14" 2.4501997913509
"SERPINA1" "14" 363.896157707222
"SERPINA11" "14" 1.42928567210598
"SERPINA5" "17" 1.56900613127955
"RP11-1070N10.3" "7" 0.370014715029051
"GLRX5" "19" 3.05392313424891
"TCL1A" "16" 0.561977578543364
"EVL" "18" 0.83620218579235
"MEG3" "20" 1.63478184066419
"PPP2R5C" "18" 0.950636288998358
"ANKRD9" "19" 0.455950121984278
"EIF5" "14" 1.12892579580539
"C14orf2" "14" 1.17913312205972
"ASPG" "14" 0.422632521701474
"SIVA1" "18" 0.719025050778605
"CRIP1" "18" 0.717547292889759
"IGHA2" "7" 34.908957190182
"IGHG4" "7" 38.4554058729069
"IGHG2" "7" 60.4482671548513
"IGHGP" "7" 6.78783904496848
"IGHA1" "7" 148.261444303749
"IGHG1" "7" 142.367712309391
"IGHG3" "7" 86.9146533518529
"IGHD" "16" 0.804951237809452
"IGHM" "7" 117.178355254176
"KIAA0125" "7" 0.289946752833022
"IGHV3-23" "7" 0.497106664141574
"IGHV1-24" "7" 0.265656355100352
"CYFIP1" "10" 0.287442200684448
"SNRPN" "17" 0.824437883261413
"ARHGAP11B" "18" 0.55003261578604
"RP11-16E12.2" "7" 0.360305829882128
"ARHGAP11A" "18" 0.383170254403131
"MEIS2" "13" 0.906271287157413
"THBS1" "20" 1.22552441740634
"PHGR1" "17" 0.684125135202596
"KNSTRN" "18" 0.376958525345622
"IVD" "14" 0.604510451045105
"CASC5" "18" 0.366205837173579
"GCHFR" "14" 0.974430643859614
"RP11-532F12.5" "17" 0.422122337307016
"SPINT1" "17" 0.581258333591739
"CHP1" "14" 1.4134703386305
"NUSAP1" "18" 1.28847926267281
"EPB42" "19" 1.70506912442396
"CCNDBP1" "19" 0.642703533026114
"PDIA3" "14" 2.8014450093658
"SERF2" "14" 4.44114411441144
"WDR76" "18" 0.267449445531637
"CASC4" "14" 0.443002408348943
"B2M" "18" 7.47606483226537
"DUOX2" "17" 0.311575793107941
"GATM" "3" 0.333333333333333
"C15orf48" "17" 0.999772602768045
"DUT" "18" 2.58851924331376
"FBN1" "20" 0.979667741135631
"EID1" "13" 0.263127382349957
"SLC27A2" "14" 1.54526307501525
"GABPB1" "18" 0.499512099921936
"SPPL2A" "14" 0.504015510895026
"RSL24D1" "18" 0.275513428120063
"RAB27A" "18" 0.642954722872756
"CCPG1" "14" 0.416778164302917
"LINC00926" "16" 0.611751677415152
"AQP9" "14" 0.941694169416942
"LIPC" "1" 0.305562663622227
"SLTM" "18" 0.326308345120226
"CCNB2" "18" 0.765284178187404
"GTF2A2" "18" 0.268232224396608
"RORA" "18" 0.456954266855257
"TPM1" "20" 9.1910061321826
"RPS27L" "14" 0.449569907288939
"FAM96A" "14" 0.940594059405941
"SNX22" "19" 0.424465027147876
"PPIB" "7" 2.56496677064967
"KIAA0101" "18" 3.26079582517939
"OAZ2" "11" 0.278462210572302
"PIF1" "18" 0.361382909328115
"CLPX" "14" 0.270627062706271
"HACD3" "14" 0.35718363088794
"RAB11A" "13" 0.659985216748554
"RPL4" "18" 3.17860404435747
"ANP32A" "18" 0.518340405469118
"KIF23" "18" 0.435330261136713
"RPLP1" "18" 33.4440965427267
"UACA" "20" 0.271807352376073
"THSD4" "17" 0.275230884432981
"PKM" "18" 0.853620352250489
"LOXL1" "20" 0.926898326898327
"CSK" "18" 0.333368476541908
"ETFA" "14" 0.693551561915635
"PSMA4" "18" 0.601225836869401
"MORF4L1" "20" 0.874983988728065
"CTSH" "17" 1.43637335649966
"MTHFS" "14" 0.927583016750979
"RPS17" "18" 3.3047619047619
"HOMER2" "17" 0.947125384807388
"SEC11A" "18" 0.34733893557423
"AKAP13" "18" 0.451187335092348
"ISG20" "7" 3
"MFGE8" "20" 0.512226512226512
"ABHD2" "14" 0.517051705170517
"FANCI" "18" 0.374690150032616
"IDH2" "14" 0.379207920792079
"CIB1" "14" 0.685874849910438
"IQGAP1" "10" 0.718582736524689
"FURIN" "14" 0.666666666666667
"PRC1" "18" 0.465130568356375
"NR2F2" "13" 0.446526660579446
"VIMP" "7" 0.769748696983201
"PCSK6" "14" 1.50990099009901
"SNRNP25" "18" 0.276842791911285
"NPRL3" "19" 0.318279569892473
"HBZ" "19" 0.338564370822435
"HBM" "19" 32.444094532868
"HBA2" "19" 777.495623905977
"HBA1" "19" 889.706426606652
"HBQ1" "19" 1.4900153609831
"DECR2" "14" 0.332755939609866
"C16orf13" "14" 0.283121169259783
"STUB1" "14" 0.294450453448706
"FAM173A" "14" 0.287741631305988
"UBE2I" "18" 0.691454664057404
"HAGH" "14" 0.432982007878207
"MSRB1" "14" 0.579050449776588
"RPS2" "18" 10.1202870189172
"NPW" "14" 0.339163041552664
"SLC9A3R2" "11" 0.290027102627651
"NTHL1" "14" 0.783278327832783
"SNHG19" "20" 0.39064274358392
"RNPS1" "18" 0.602166553825322
"SRRM2" "14" 0.28166205246117
"TCEB2" "14" 1.24673739739779
"ZG16B" "17" 0.385379481607947
"PKMYT1" "18" 0.363470319634703
"TNFRSF12A" "17" 0.327276856688621
"HCFC1R1" "20" 0.495826101330689
"CCDC64B" "17" 0.342488634798182
"IL32" "18" 1.0440017838561
"NMRAL1" "14" 0.338755304101839
"SMIM22" "17" 1.08097550946984
"ABAT" "14" 1.502200220022
"CARHSP1" "18" 0.521263554926922
"TXNDC11" "7" 0.602933483172192
"GSPT1" "19" 0.431517370536372
"TNFRSF17" "7" 2.27811404906021
"PDXDC1" "14" 0.329482948294829
"MYH11" "20" 0.366645715482925
"RPS15A" "18" 14.5291585127202
"ARL6IP1" "18" 2.07373880245167
"TMC5" "17" 0.562031264118551
"GP2" "17" 0.518959223033476
"ACSM5" "14" 0.451045104510451
"ACSM2A" "14" 3.35232171328465
"ACSM2B" "14" 2.82366198846525
"METTL9" "18" 0.582494145199063
"IGSF6" "10" 0.476092650108559
"NDUFAB1" "14" 0.427474755427829
"PLK1" "18" 0.745727332028702
"PRKCB" "10" 0.560447292373414
"NUPR1" "14" 2.13805287089345
"SULT1A1" "14" 0.818052083538374
"TUFM" "14" 0.511790122260758
"LAT" "18" 0.340310192755562
"SPN" "18" 0.673727422003284
"QPRT" "14" 1.29124264315099
"C16orf54" "18" 0.308161141667905
"MAZ" "18" 0.635549269212635
"SEZ6L2" "17" 0.429316680800761
"HIRIP3" "18" 0.508023483365949
"ALDOA" "18" 0.807207207207207
"PPP4C" "18" 0.282602545968883
"YPEL3" "13" 0.274117107475921
"CORO1A" "18" 6.13957845433255
"SEPT1" "18" 0.497170606015559
"ORAI3" "14" 0.299903549003012
"HSD3B7" "14" 0.324931598527646
"PRSS8" "17" 0.27568849321907
"FUS" "18" 0.96614759647935
"PYCARD" "4" 0.336179562323328
"TGFB1I1" "20" 0.945561675419495
"AHSP" "19" 32.0356374807988
"ITFG1" "14" 0.374199184624345
"LONP2" "14" 0.342134213421342
"TOX3" "17" 0.256870315693845
"MMP2" "20" 0.518637903959005
"CES1" "14" 7.01833553136626
"AMFR" "14" 0.451595159515952
"NUDT21" "18" 0.391505791505792
"MT2A" "14" 21.7810781078108
"MT1E" "14" 2.73982398239824
"MT1M" "14" 11.463696369637
"MT1A" "14" 3.29537953795379
"MT1F" "14" 8.43289328932893
"MT1G" "14" 26.1149614961496
"MT1H" "14" 3.25797579757976
"MT1X" "14" 6.54895489548955
"HERPUD1" "7" 2.46365115963651
"CETP" "10" 0.754531188024902
"PLLP" "17" 0.84943335132218
"GOT2" "14" 0.451045104510451
"CDH11" "11" 0.536160013224233
"CKLF" "18" 1.43300717547293
"CES2" "14" 1.21132610278921
"CBFB" "18" 0.448906048906049
"PSMB10" "18" 0.74916081186573
"LCAT" "14" 0.815936066767711
"CDH1" "17" 0.399866877444047
"SNTB2" "13" 0.56264765134716
"CHST4" "17" 0.97320009084715
"TAT" "3" 1.996699669967
"TAT-AS1" "3" 0.842952187862921
"DHODH" "14" 0.660679487431845
"HP" "14" 260.886768497923
"HPR" "14" 3.93354723146271
"RFWD3" "18" 0.30293542074364
"LDHD" "14" 0.347223589158121
"GABARAPL2" "19" 0.276053610559038
"KARS" "18" 0.291846053489889
"TERF2IP" "19" 0.731490015360983
"MAF" "12" 0.336256402297067
"CENPN" "18" 0.559034572733203
"GCSH" "14" 1.60135228234553
"WFDC1" "20" 0.895222236454464
"COTL1" "18" 0.304305043050431
"CRISPLD2" "20" 1.68531631262259
"COX4I1" "14" 0.610977698167432
"MAP1LC3B" "19" 0.58678955453149
"CYBA" "7" 2.73609095931719
"MVD" "14" 0.304797808874687
"CDT1" "18" 1.01013824884793
"APRT" "14" 0.685431962679369
"TRAPPC2L" "14" 0.336775106082037
"RPL13" "18" 10.3208863743517
"MIR22HG" "20" 0.502473061296591
"SERPINF2" "14" 5.29330945022932
"SERPINF1" "14" 0.770800936952542
"CLUH" "14" 0.324532453245325
"ITGAE" "18" 0.289236790606654
"TM4SF5" "14" 3.23434179665979
"GLTPD2" "14" 0.642442375450269
"PFN1" "18" 18.097642621405
"SCIMP" "10" 0.3670272322776
"FAM64A" "18" 0.649163449163449
"TXNDC17" "14" 0.562122315611283
"SLC13A5" "14" 2.41089108910891
"CLEC10A" "4" 0.329521513036913
"ASGR2" "14" 2.51021593212999
"ASGR1" "14" 3.48046375214062
"CLDN7" "17" 1.16423995340711
"TMEM256" "14" 0.668828612483515
"CD68" "10" 1.41308291710885
"SHBG" "14" 0.379997244257229
"SAT2" "14" 1.36409019053166
"TMEM88" "13" 1.13431018739945
"TRAPPC1" "18" 0.707335907335908
"TMEM107" "18" 0.380560991519896
"AURKB" "18" 1.28884540117417
"RANGRF" "18" 0.326640926640927
"RPL26" "18" 5.25073346874295
"MYH10" "20" 0.752789486734441
"TMEM220" "14" 0.570153337401335
"UBB" "19" 3.01228878648234
"TNFRSF13B" "7" 0.511976820036712
"SREBF1" "14" 0.826182618261826
"SHMT1" "14" 1.55005609904927
"RP11-160E2.6" "18" 0.521975122502827
"MFAP4" "20" 1.07190676915448
"MAP2K3" "19" 0.784024577572965
"WSB1" "10" 0.521927170325902
"LGALS9" "10" 0.368864137190185
"TMEM97" "14" 0.637504131971226
"POLDIP2" "14" 0.28987898789879
"VTN" "14" 34.7532035509714
"ALDOC" "14" 0.41955642305089
"RAB34" "20" 0.542394637381445
"RPL23A" "18" 10.8259621656882
"RP11-20B24.2" "19" 0.268817204301075
"DHRS13" "19" 0.254955919074555
"PIPOX" "14" 0.27579079975592
"CPD" "14" 0.341001747233547
"ADAP2" "10" 0.748123338753176
"COPRS" "14" 0.267950744654297
"SUZ12" "18" 0.381735159817352
"ZNF207" "18" 0.264592173503065
"CCL2" "20" 1.74085850556439
"CCL5" "18" 0.504059328649493
"CCL16" "14" 0.330305296931284
"CCL14" "12" 3.32391917011453
"CCL23" "12" 1.22776878335432
"CCL3" "8" 1.01260733801717
"CCL4" "18" 3.60644028103045
"ZNHIT3" "18" 0.340508806262231
"GGNBP2" "18" 0.338472418670439
"HNF1B" "17" 0.427531408603045
"CISD3" "14" 0.485148514851485
"PCGF2" "13" 0.260011304839341
"PSMB3" "14" 0.518010372465818
"RPL23" "18" 0.72695500218436
"LASP1" "20" 0.251372744776439
"RPL19" "18" 6.38760600130463
"ORMDL3" "14" 0.254125412541254
"TOP2A" "18" 2.59969278033794
"IGFBP4" "14" 1.88358247589465
"KRT19" "17" 3.44221725387403
"FKBP10" "20" 0.455744844370437
"STAT3" "14" 0.59893420534714
"PTRF" "20" 0.263225310618675
"TUBG1" "19" 0.796393325337205
"COA3" "14" 0.813514949904533
"AOC3" "20" 0.27141847730083
"RPL27" "18" 4.3191128506197
"BRCA1" "18" 0.252993870815653
"ARL4D" "13" 0.41323729529351
"DUSP3" "14" 0.330583058305831
"SLC4A1" "19" 5.49482225437626
"SLC25A39" "19" 4.28627701479825
"GRN" "10" 0.873659237911641
"FMNL1" "18" 0.534072249589491
"MYL4" "19" 1.5615975422427
"MRPL10" "18" 0.504313036690086
"PRR15L" "17" 0.482444462933688
"SKAP1" "18" 0.279625292740047
"CALCOCO2" "13" 0.269379384511498
"ATP5G1" "1" 0.437996288414328
"ABI3" "18" 0.476120189773326
"SLC35B1" "7" 0.367741372963128
"COL1A1" "20" 28.8808236808237
"LRRC59" "7" 0.68033003649442
"ABCC3" "17" 0.442507696147766
"TOB1" "14" 0.441426075380647
"NME1" "7" 0.837951211950941
"PCTP" "14" 0.273927392739274
"DYNLL2" "14" 0.425742574257426
"SEPT4" "20" 0.305562443177122
"SKA2" "18" 0.833268101761253
"PRR11" "18" 0.465887674330946
"CLTC" "14" 0.310548864912877
"VMP1" "10" 0.361558707935364
"DCAF7" "18" 0.453847889866847
"LIMD2" "18" 0.77984496124031
"CCDC47" "14" 0.39965887345037
"SMARCD2" "14" 0.351485148514852
"CD79B" "16" 0.887194890699191
"ICAM2" "12" 0.35671883432272
"SNHG25" "7" 0.376939455197966
"PECAM1" "13" 1.092061973709
"APOH" "14" 11.854221207409
"KPNA2" "18" 1.33333333333333
"ABCA6" "14" 0.451595159515952
"ABCA5" "14" 0.653547444296668
"KCNJ16" "17" 0.318227621081436
"SOX9" "17" 1.09139695482153
"SLC39A11" "14" 0.285530216426731
"RPL38" "18" 0.642201834862385
"GPRC5C" "14" 0.595456961203079
"CD300E" "4" 0.2945150778522
"SLC9A3R1" "14" 0.348947499791996
"HN1" "18" 1.55603392041748
"SUMO2" "18" 2.32845858722636
"LLGL2" "17" 0.273608453282303
"SMIM5" "19" 0.497966928706967
"H3F3B" "18" 3.07371194379391
"UBALD2" "18" 1.5928245270711
"MXRA7" "20" 0.460996541565262
"SRSF2" "18" 0.994911937377691
"SEPT9" "18" 0.639775910364146
"TK1" "18" 1.04774951076321
"AFMID" "14" 0.294279427942794
"BIRC5" "18" 2.46092628832355
"LGALS3BP" "20" 0.306154894390188
"C1QTNF1" "13" 0.602825016262429
"TBC1D16" "10" 0.305637555840017
"RNF213" "18" 0.302726473175022
"ACTG1" "18" 13.153667953668
"MRPL12" "14" 0.371090289943507
"GCGR" "14" 0.295724348554258
"FAM195B" "18" 0.453281853281853
"P4HB" "14" 3.09543508166864
"ARHGDIA" "18" 0.673581213307241
"PCYT2" "14" 0.738696533669271
"DCXR" "14" 1.72512450052162
"RFNG" "14" 0.256875687568757
"FASN" "14" 2.10603818728455
"CD7" "18" 0.302205308352849
"C17orf62" "18" 0.369471624266145
"NARF" "19" 0.611981566820276
"TYMS" "18" 3.37208088714938
"NDC80" "18" 0.462365591397849
"MYOM1" "14" 0.328937515600299
"MYL12A" "18" 1.4018018018018
"MYL12B" "13" 1.26318535588504
"TGIF1" "17" 0.328185328185328
"NDUFV2" "14" 0.994764088734917
"RAB31" "10" 0.856753870968789
"APCDD1" "17" 0.450147626618215
"TUBB6" "20" 0.385734358211422
"PSMG2" "18" 0.422026630557436
"ROCK1" "18" 0.302512739413108
"SNRPD1" "18" 0.866536203522505
"RIOK3" "19" 0.448791653358884
"DSG2" "17" 0.439720442632499
"TTR" "1" 75.170381451664
"SLC14A1" "19" 0.263194238926704
"HAUS1" "18" 0.497325505544684
"RPL17" "18" 0.293116454502593
"ACAA2" "1" 0.618457571403264
"ME2" "10" 0.374167608996105
"MBD2" "10" 0.494409772593768
"ONECUT2" "17" 0.618687078791913
"FECH" "19" 1.47939955285851
"RP11-1151B14.3" "14" 0.46039603960396
"SEC11C" "7" 4.55548235841197
"LMAN1" "14" 1.076214372905
"CCBE1" "20" 0.439851616322205
"KDSR" "14" 0.280535873492562
"CDH19" "20" 0.407471691875362
"CYB5A" "14" 21.335344369427
"PQLC1" "14" 0.696919691969197
"TXNL4A" "7" 0.413698630136986
"SDCBP2" "17" 0.365122195667258
"FKBP1A" "11" 1.01787034218879
"SNRPB" "18" 0.853098499673842
"ATRN" "14" 0.313531353135314
"SIGLEC1" "10" 0.695239300677967
"CDC25B" "18" 1.09458577951729
"PRNP" "10" 0.75632888825501
"TMEM230" "20" 0.254311454311454
"PCNA" "18" 2.33364055299539
"CRLS1" "14" 0.370706454343247
"HAO1" "14" 1.27809381335748
"PLCB1" "13" 0.537661057727148
"SNRPB2" "18" 0.751579443658651
"DSTN" "20" 2.0068135362253
"RRBP1" "14" 0.350719807792912
"LINC00493" "14" 0.325846898805189
"LINC00261" "3" 0.674109359246064
"CST3" "10" 2.66881318738734
"CST7" "18" 0.585550082101806
"APMAP" "14" 1.67251296558227
"HM13" "7" 0.407170951928852
"ID1" "11" 3.37997304230619
"TPX2" "18" 1.0147465437788
"COMMD7" "18" 0.350858704137393
"E2F1" "18" 0.341552511415525
"RALY" "18" 0.843574690150033
"EIF2S2" "7" 0.365453074118887
"MAP1LC3A" "20" 0.432597735350029
"ACSS2" "14" 0.633647625493869
"PROCR" "13" 0.561763554937171
"MMP24-AS1" "17" 0.288515406162465
"SPAG4" "7" 0.480462989584589
"CPNE1" "18" 0.314090554254489
"ROMO1" "14" 0.44896954904238
"RBM39" "18" 0.549040848566915
"SCAND1" "14" 0.606263409641163
"MYL9" "20" 10.1214976444334
"SAMHD1" "10" 0.26695161410717
"RPN2" "7" 0.566865590668656
"BLCAP" "13" 0.453077670043625
"VSTM2L" "17" 0.336879706010845
"TGM2" "13" 2.1205704595852
"LBP" "14" 3.35386689762416
"MAFB" "10" 1.43407426158694
"TOP1" "19" 0.547229762430823
"SRSF6" "14" 0.257592145769199
"MYBL2" "7" 0.544422700587084
"HNF4A" "14" 0.397689768976898
"WISP2" "20" 0.701710885197124
"YWHAB" "18" 0.658072622188717
"SLPI" "17" 4.87424078542308
"SDC4" "14" 0.367418254430485
"WFDC2" "17" 0.429707017942312
"UBE2C" "18" 2.88010437051533
"PLTP" "10" 1.40960905030438
"STAU1" "14" 0.326338995728599
"PTGIS" "13" 0.490456106787252
"CEBPB" "14" 0.603503226312077
"LINC01272" "10" 0.918751034476044
"TSHZ2" "13" 1.12296466613486
"FAM210B" "19" 0.669754072181412
"RBM38" "19" 0.788325652841782
"PCK1" "14" 2.71617161716172
"ZBP1" "7" 0.305251676237528
"PMEPA1" "17" 0.565954822295891
"CTSZ" "14" 0.90321063768646
"ATP5E" "14" 2.22002200220022
"PSMA7" "1" 0.477048599492155
"MTG2" "14" 0.251003478726251
"RPS21" "18" 7.3423352902805
"PPDPF" "17" 1.55742296918767
"SLC2A4RG" "14" 0.46039603960396
"SOX18" "11" 1.04463962201255
"PLPP2" "17" 1.20018304351444
"BSG" "19" 2.51029185867896
"FSTL3" "20" 0.70701794231206
"CFD" "20" 0.354346430863581
"CNN2" "18" 0.50965250965251
"HMHA1" "18" 0.400644028103045
"GPX4" "14" 0.36779324055666
"C19orf24" "14" 0.490069946329271
"NDUFS7" "14" 0.343444284786332
"GAMT" "14" 3.05661083006909
"DAZAP1" "18" 0.371570014144272
"RPS15" "18" 5.46183953033268
"REEP6" "14" 1.04876680510993
"MBD3" "14" 0.264978736679638
"UQCR11" "14" 1.2992299229923
"ABHD17A" "18" 0.482553366174056
"JSRP1" "7" 0.342617454755078
"OAZ1" "10" 1.42095629399566
"LSM7" "7" 0.289758643183301
"LMNB2" "18" 0.255055446836269
"GADD45B" "20" 0.75857369975017
"GNG7" "7" 0.262852895219891
"THOP1" "14" 0.295651831584749
"AES" "18" 1.57585195215527
"S1PR4" "18" 0.554515599343186
"NFIC" "14" 0.666195190947666
"SMIM24" "17" 0.508736167734421
"TBXA2R" "20" 0.26664900194312
"MRPL54" "14" 0.315266814951873
"EEF2" "18" 0.966731898238748
"CREB3L3" "14" 1.46204620462046
"EBI3" "10" 0.390358520999458
"PLIN5" "14" 1.08745874587459
"LRG1" "14" 6.34323432343234
"MYDGF" "7" 3.03144678460018
"UHRF1" "18" 0.421198156682028
"PTPRS" "20" 0.68669143076726
"RPL36" "13" 0.822224154673393
"NDUFA11" "14" 1.18219396492333
"ALKBH7" "14" 0.68389662027833
"TNFSF14" "14" 0.44173023859763
"C3" "14" 51.330632316963
"INSR" "11" 0.260443475540215
"MCOLN1" "10" 0.483777792923048
"PET100" "14" 0.882034525520146
"STXBP2" "4" 0.46448778773502
"FCER2" "16" 0.268317079269817
"CLEC4G" "12" 5.45389507154213
"CLEC4M" "12" 2.05149266913973
"CD320" "11" 0.419169703824725
"RPS28" "11" 0.464657055482743
"UBL5" "14" 0.697281656595083
"PIN1" "18" 0.648391248391249
"C19orf66" "14" 0.601760176017602
"ANGPTL6" "20" 0.411840411840412
"EIF3G" "18" 1.01321233411397
"DNMT1" "18" 0.711676451402479
"MRPL4" "14" 0.282226657107981
"ICAM1" "13" 0.327060682092742
"ICAM3" "18" 0.629527712724434
"CDKN2D" "18" 1.2605222734255
"AP1M2" "17" 0.27077497665733
"ILF3" "18" 0.254341736694678
"SPC24" "18" 0.42826420890937
"KANK2" "20" 0.352804417320546
"ANGPTL8" "14" 1.35831667427474
"TMEM205" "14" 0.313623211227684
"CNN1" "20" 0.511556566351087
"ACP5" "12" 0.621085400985039
"WDR83OS" "14" 0.425102848256993
"C19orf43" "18" 0.873880245167374
"HOOK2" "17" 0.311714784923871
"JUNB" "11" 0.307551066517739
"PRDX2" "19" 8.38602791851044
"KLF1" "19" 1.64178187403994
"GCDH" "14" 0.623585221345196
"CALR" "14" 0.874706942318498
"RAD23A" "19" 2.54254992319508
"NFIX" "19" 0.364367081869477
"LYL1" "19" 0.708352443561127
"IER2" "17" 0.675630252100841
"ASF1B" "18" 0.699673842139596
"ADGRE5" "18" 0.753669008587041
"DDX39A" "18" 0.658186562296151
"NDUFB7" "14" 0.893480699958664
"BRD4" "18" 0.284347006129184
"PGLYRP2" "14" 0.827500344467846
"CYP4F3" "14" 1.30583058305831
"CYP4F12" "14" 0.276814361356613
"CYP4F2" "14" 1.00516701769581
"CYP4F11" "14" 0.450682046335846
"TPM4" "20" 2.18378378378378
"RAB8A" "18" 0.311545988258317
"AP1M1" "18" 0.306364922206506
"KLF2" "13" 1.05240807571344
"NR2F6" "14" 0.331683168316832
"BABAM1" "18" 0.315329419439009
"PLVAP" "11" 0.560560604084236
"FAM129C" "16" 0.27295355949079
"B3GNT3" "17" 0.380438413897669
"RPL18A" "18" 6.16399217221135
"IFI30" "4" 0.442294897883016
"LSM4" "18" 1.11188118811881
"FKBP8" "19" 1.29984639016897
"UBA52" "18" 4.85747289014616
"COPE" "7" 1.53176777560339
"SUGP2" "18" 0.278259172521468
"GATAD2A" "18" 0.254926921263555
"NDUFA13" "14" 2.02099285475267
"ZNF90" "18" 0.27501630789302
"UQCRFS1" "14" 0.381640847981418
"POP4" "18" 0.417256011315417
"CEBPA" "14" 0.284928492849285
"PEPD" "14" 0.40772198492215
"LSM14A" "18" 0.381471004243282
"HPN" "14" 2.25265240241718
"FXYD3" "17" 1.19092798409686
"FXYD1" "14" 0.903745841780997
"LSR" "14" 0.283842249771196
"HAMP" "14" 8.29120327539712
"CD22" "16" 0.363018479738418
"DMKN" "17" 0.491146917482589
"TMEM147" "7" 0.27027027027027
"RBM42" "18" 0.296637327916949
"COX6B1" "14" 0.823465149695884
"HSPB6" "20" 1.25951758209823
"PRODH2" "14" 0.856740743656871
"TYROBP" "10" 0.364349764869681
"COX7A1" "13" 0.379422293722915
"SPINT2" "17" 1.49557120145355
"PPP1R14A" "20" 3.68435407884949
"C19orf33" "17" 1.45755917045717
"KCNK6" "13" 0.440231700895208
"EIF3K" "18" 0.52941943900848
"ACTN4" "20" 0.744038155802862
"LGALS4" "17" 4.19168748580513
"MRPS12" "14" 0.31631990236797
"GMFG" "18" 3.18917589175892
"ZFP36" "11" 1.4608125819135
"RPS16" "18" 3.90893672537508
"FBL" "18" 0.38016960208741
"FCGBP" "17" 0.271923017227999
"PLD3" "10" 0.290166155601512
"BLVRB" "19" 7.20724042839736
"SHKBP1" "18" 0.260270602706027
"LTBP4" "11" 0.590627324572279
"SNRPA" "18" 0.520108327691266
"CYP2A6" "14" 11.6645768950653
"CYP2A7" "14" 16.6181426293723
"CYP2B6" "14" 7.71122112211221
"AXL" "10" 0.796619838836198
"HNRNPUL1" "18" 0.813745445407714
"ATP5SL" "18" 0.262559241706161
"PCAT19" "13" 0.877768484961125
"CEACAM6" "17" 0.450723408629507
"RPS19" "18" 10.6821917808219
"CD79A" "16" 1.05688799890775
"ARHGEF1" "18" 0.57919594067135
"RABAC1" "7" 0.51716295551912
"PLAUR" "4" 0.394976746601239
"APOE" "14" 48.5378225695333
"APOC1" "14" 76.9869594315296
"APOC4-APOC2" "14" 0.265466606302777
"APOC2" "14" 11.3745743361612
"TRAPPC6A" "14" 0.388421943586009
"FOSB" "11" 0.606352632796238
"VASP" "18" 0.256213092096997
"SNRPD2" "18" 1.30737116764514
"FOXA3" "14" 0.3234046093685
"HIF3A" "13" 0.427859182283288
"CALM3" "18" 3.08091468777485
"TMEM160" "18" 0.434311806914547
"SAE1" "18" 0.623483365949119
"EHD2" "20" 0.313249028845359
"GLTSCR2" "18" 0.390611600090273
"SEPW1" "11" 0.28820563682949
"SULT2A1" "14" 0.295523886384663
"LIG1" "18" 0.342549923195084
"EMP3" "18" 0.841152697241258
"KDELR1" "7" 0.442481620563812
"RPL18" "18" 3.06888454011742
"NUCB1" "14" 0.593776520509194
"BAX" "18" 0.886834733893557
"FTL" "10" 333.662412811202
"SNRNP70" "14" 0.358840169731259
"CD37" "16" 2.08615725359911
"RPL13A" "18" 14.443758043758
"RPS11" "18" 2.29575994781474
"FCGRT" "10" 1.35318685990821
"RCN3" "20" 1.07392686804452
"NOSIP" "18" 0.531016731016731
"PRMT1" "7" 0.468021568310622
"ATF5" "14" 3.55775577557756
"SPIB" "16" 0.33156146179402
"CLEC11A" "20" 0.791732909379968
"C19orf48" "18" 0.333202870189172
"KLK11" "17" 0.486624007401126
"ETFB" "14" 2.41926657874535
"NKG7" "18" 4.07454844006568
"FPR1" "4" 0.26729887351644
"FPR3" "10" 0.336536557977717
"MYADM" "20" 0.443755682287792
"NDUFA3" "14" 0.908292817353306
"TMC4" "17" 0.287669523254846
"RPS9" "18" 5.66509392747925
"LILRB5" "10" 0.78637453222274
"RPL28" "18" 19.4067840834964
"UBE2S" "18" 0.423613829093281
"A1BG" "14" 10.3845343778911
"RPS5" "18" 1.7129810828441
"SLC27A5" "14" 1.75956144322186
"CHMP2A" "14" 0.412583902525441
"RPS4Y1" "18" 0.3968855788761
"EIF1AY" "19" 1.24371357027124
"CECR1" "10" 0.316213768997848
"SLC25A18" "14" 0.353542113654705
"SLC25A1" "14" 0.600660066006601
"UFD1L" "18" 0.253098499673842
"CLDN5" "12" 0.748036217545122
"COMT" "14" 0.802019565773675
"TANGO2" "19" 0.257483289741354
"DGCR6L" "14" 0.435093509350935
"SERPIND1" "14" 1.08965896589659
"SDF2L1" "7" 2.02433589738622
"IGLV8-61" "7" 0.740247879973907
"IGLV6-57" "7" 3.04315804978642
"IGLV10-54" "7" 0.458447488584475
"IGLV1-47" "7" 0.436420259663742
"IGLV7-46" "7" 0.360600130463144
"IGLV1-44" "7" 0.276299783149098
"IGLV1-40" "7" 0.717252698693264
"IGLV3-21" "7" 1.97190521400477
"IGLV3-19" "7" 0.653999605576541
"IGLV2-14" "7" 1.10083538497149
"IGLV2-11" "7" 0.562067948477822
"IGLV3-1" "7" 0.571340792795956
"IGLL5" "7" 5.53116703833493
"IGLC2" "7" 429.171186590283
"IGLC3" "7" 289.763209393346
"IGLC6" "7" 0.554953806944887
"IGLC7" "7" 3.29446745247956
"VPREB3" "16" 0.540375309091461
"DERL3" "7" 3.40193267494956
"MIF" "14" 3.07614707792847
"DDT" "1" 6.46283027905177
"GGT5" "20" 1.87011656205969
"UPB1" "14" 0.294785740999547
"SNRPD3" "14" 0.69242958093026
"GGT1" "14" 0.308345120226308
"XBP1" "7" 4.30242583945283
"TCN2" "13" 0.630982005527142
"OSBP2" "19" 0.295021234300172
"SMTN" "12" 0.269916975799329
"SELM" "20" 1.31856026642757
"YWHAH" "18" 0.797235023041475
"SLC5A1" "17" 0.688081594466813
"FBXO7" "19" 1.67465437788018
"TIMP3" "13" 5.29793774817472
"HMOX1" "10" 6.3336643656674
"MYH9" "20" 0.583268983268983
"EIF3D" "18" 0.5385240352065
"TST" "14" 0.533915319961419
"MPST" "14" 1.16873019309883
"TMPRSS6" "14" 0.329983744643121
"IL2RB" "8" 0.454488680718189
"RAC2" "18" 3.95232240437158
"CDC42EP1" "17" 0.486392722226505
"LGALS2" "17" 4.17535427455115
"LGALS1" "20" 24.6699910242346
"TRIOBP" "13" 0.521993709871444
"EIF3L" "18" 1.79665989618596
"POLR2F" "14" 0.357163947011003
"KDELR3" "20" 0.625255507608449
"SUN2" "18" 0.490617633191891
"APOBEC3C" "18" 0.291063274624918
"APOBEC3G" "18" 0.376777560339204
"RPL3" "18" 4.7675468291582
"ATF4" "7" 0.377690802348337
"ST13" "14" 0.415959687420034
"RBX1" "19" 0.387096774193548
"PHF5A" "18" 0.421787345075016
"XRCC6" "18" 0.294324853228963
"SNU13" "7" 0.551647537948908
"MEI1" "7" 0.312328767123288
"TNFRSF13C" "16" 0.576079734219269
"CENPM" "18" 0.986823222439661
"SMDT1" "14" 0.342243568293211
"NDUFA6" "1" 0.757160010235616
"TSPO" "4" 0.600225329984392
"FBLN1" "20" 1.53577106518283
"TTC38" "14" 0.488448844884488
"GTSE1" "18" 0.875929549902153
"CRELD2" "7" 0.832177249036058
"SELO" "14" 0.454923921815641
"TYMP" "4" 0.366787232228758
"CXADR" "17" 0.272859638905067
"JAM2" "13" 0.38620519732742
"ATP5J" "1" 0.67213550380883
"APP" "13" 1.41210544249295
"TIAM1" "13" 0.602267447263265
"RCAN1" "14" 0.449394939493949
"TTC3" "20" 0.326732673267327
"KCNJ15" "17" 0.509938292660238
"ETS2" "14" 0.494014107293082
"HMGN1" "18" 2.77482061317678
"BACE2" "17" 0.443068222549683
"FAM3B" "17" 0.559699341478016
"TFF3" "17" 3.58628380262057
"TFF2" "17" 12.2248107990711
"TFF1" "17" 3.34598292597357
"PDXK" "7" 0.353587413535874
"C21orf33" "14" 0.547147571900047
"SUMO3" "18" 0.562564827911363
"COL18A1" "14" 1.5924420800289
"COL6A1" "20" 4.94908670138028
"COL6A2" "20" 3.67585232291115
"FTCD" "14" 2.67760762159715
"LSS" "14" 0.300957043240095
